2021-10-19 07:50:12.201 [main] INFO (StartupInfoLogger.java:55) - Starting FrontCodeApplication using Java 11.0.11 on DESKTOP-9FLEN63 with PID 17372 (C:\Users\inoke\Documents\workspace-spring-tool-suite-4-4.10.0.RELEASE\frontCode\target\classes started by inoke in C:\Users\inoke\Documents\workspace-spring-tool-suite-4-4.10.0.RELEASE\frontCode)
2021-10-19 07:50:12.215 [main] DEBUG(StartupInfoLogger.java:56) - Running with Spring Boot v2.5.5, Spring v5.3.10
2021-10-19 07:50:12.215 [main] INFO (SpringApplication.java:659) - No active profile set, falling back to default profiles: default
2021-10-19 07:50:16.218 [main] DEBUG(LoggingFilter.java:24) - アプリケーション開始
2021-10-19 07:50:25.470 [main] INFO (StartupInfoLogger.java:61) - Started FrontCodeApplication in 13.966 seconds (JVM running for 16.384)
2021-10-19 07:50:25.773 [http-nio-8080-exec-2] DEBUG(LoggingFilter.java:32) - RequestURL : /
2021-10-19 07:50:28.831 [http-nio-8080-exec-5] DEBUG(LoggingFilter.java:32) - RequestURL : /css/style.css
2021-10-19 07:50:29.063 [http-nio-8080-exec-6] DEBUG(LoggingFilter.java:32) - RequestURL : /favicon.ico
2021-10-19 07:50:40.644 [http-nio-8080-exec-7] DEBUG(LoggingFilter.java:32) - RequestURL : /upload
2021-10-19 07:50:41.141 [http-nio-8080-exec-9] DEBUG(LoggingFilter.java:32) - RequestURL : /images/back_icon.png
2021-10-19 07:50:41.145 [http-nio-8080-exec-8] DEBUG(LoggingFilter.java:32) - RequestURL : /images/send_icon.png
2021-10-19 07:50:41.192 [http-nio-8080-exec-10] DEBUG(LoggingFilter.java:32) - RequestURL : /sampleFile/subsrc/sample10.html
2021-10-19 07:50:56.818 [http-nio-8080-exec-1] DEBUG(LoggingFilter.java:32) - RequestURL : /delete
2021-10-19 07:50:56.980 [http-nio-8080-exec-3] DEBUG(LoggingFilter.java:32) - RequestURL : /
2021-10-19 07:51:04.382 [RMI TCP Connection(2)-127.0.0.1] DEBUG(LoggingFilter.java:39) - アプリケーション終了
2021-10-19 08:04:00.182 [main] INFO (StartupInfoLogger.java:55) - Starting FrontCodeApplication using Java 11.0.11 on DESKTOP-9FLEN63 with PID 17248 (C:\Users\inoke\Documents\workspace-spring-tool-suite-4-4.10.0.RELEASE\frontCode\target\classes started by inoke in C:\Users\inoke\Documents\workspace-spring-tool-suite-4-4.10.0.RELEASE\frontCode)
2021-10-19 08:04:00.190 [main] DEBUG(StartupInfoLogger.java:56) - Running with Spring Boot v2.5.5, Spring v5.3.10
2021-10-19 08:04:00.191 [main] INFO (SpringApplication.java:659) - No active profile set, falling back to default profiles: default
2021-10-19 08:04:04.049 [main] DEBUG(LoggingFilter.java:24) - アプリケーション開始
2021-10-19 08:04:10.796 [main] INFO (StartupInfoLogger.java:61) - Started FrontCodeApplication in 11.313 seconds (JVM running for 15.031)
2021-10-19 08:04:11.010 [http-nio-8080-exec-1] DEBUG(LoggingFilter.java:32) - RequestURL : /
2021-10-19 08:04:29.399 [RMI TCP Connection(4)-127.0.0.1] DEBUG(LoggingFilter.java:39) - アプリケーション終了
2021-10-19 08:06:54.298 [main] INFO (StartupInfoLogger.java:55) - Starting FrontCodeApplication using Java 11.0.11 on DESKTOP-9FLEN63 with PID 9872 (C:\Users\inoke\Documents\workspace-spring-tool-suite-4-4.10.0.RELEASE\frontCode\target\classes started by inoke in C:\Users\inoke\Documents\workspace-spring-tool-suite-4-4.10.0.RELEASE\frontCode)
2021-10-19 08:06:54.303 [main] DEBUG(StartupInfoLogger.java:56) - Running with Spring Boot v2.5.5, Spring v5.3.10
2021-10-19 08:06:54.303 [main] INFO (SpringApplication.java:659) - No active profile set, falling back to default profiles: default
2021-10-19 08:06:57.805 [main] DEBUG(LoggingFilter.java:24) - アプリケーション開始
2021-10-19 08:07:04.273 [main] INFO (StartupInfoLogger.java:61) - Started FrontCodeApplication in 10.597 seconds (JVM running for 12.52)
2021-10-19 08:07:04.447 [http-nio-8080-exec-1] DEBUG(LoggingFilter.java:32) - RequestURL : /
2021-10-19 08:08:19.278 [RMI TCP Connection(4)-127.0.0.1] DEBUG(LoggingFilter.java:39) - アプリケーション終了
2021-10-19 08:08:27.252 [main] INFO (StartupInfoLogger.java:55) - Starting FrontCodeApplication using Java 11.0.11 on DESKTOP-9FLEN63 with PID 12788 (C:\Users\inoke\Documents\workspace-spring-tool-suite-4-4.10.0.RELEASE\frontCode\target\classes started by inoke in C:\Users\inoke\Documents\workspace-spring-tool-suite-4-4.10.0.RELEASE\frontCode)
2021-10-19 08:08:27.258 [main] DEBUG(StartupInfoLogger.java:56) - Running with Spring Boot v2.5.5, Spring v5.3.10
2021-10-19 08:08:27.259 [main] INFO (SpringApplication.java:659) - No active profile set, falling back to default profiles: default
2021-10-19 08:08:55.651 [main] INFO (StartupInfoLogger.java:55) - Starting FrontCodeApplication using Java 11.0.11 on DESKTOP-9FLEN63 with PID 13736 (C:\Users\inoke\Documents\workspace-spring-tool-suite-4-4.10.0.RELEASE\frontCode\target\classes started by inoke in C:\Users\inoke\Documents\workspace-spring-tool-suite-4-4.10.0.RELEASE\frontCode)
2021-10-19 08:08:55.656 [main] DEBUG(StartupInfoLogger.java:56) - Running with Spring Boot v2.5.5, Spring v5.3.10
2021-10-19 08:08:55.656 [main] INFO (SpringApplication.java:659) - No active profile set, falling back to default profiles: default
2021-10-19 08:08:58.252 [main] DEBUG(LoggingFilter.java:24) - アプリケーション開始
2021-10-19 08:09:03.387 [main] INFO (StartupInfoLogger.java:61) - Started FrontCodeApplication in 8.314 seconds (JVM running for 10.183)
2021-10-19 08:09:03.718 [http-nio-8080-exec-1] DEBUG(LoggingFilter.java:32) - RequestURL : /
2021-10-19 08:10:38.827 [RMI TCP Connection(5)-127.0.0.1] DEBUG(LoggingFilter.java:39) - アプリケーション終了
2021-10-19 08:10:45.924 [main] INFO (StartupInfoLogger.java:55) - Starting FrontCodeApplication using Java 11.0.11 on DESKTOP-9FLEN63 with PID 10104 (C:\Users\inoke\Documents\workspace-spring-tool-suite-4-4.10.0.RELEASE\frontCode\target\classes started by inoke in C:\Users\inoke\Documents\workspace-spring-tool-suite-4-4.10.0.RELEASE\frontCode)
2021-10-19 08:10:45.930 [main] DEBUG(StartupInfoLogger.java:56) - Running with Spring Boot v2.5.5, Spring v5.3.10
2021-10-19 08:10:45.931 [main] INFO (SpringApplication.java:659) - No active profile set, falling back to default profiles: default
2021-10-19 08:10:48.317 [main] DEBUG(LoggingFilter.java:24) - アプリケーション開始
2021-10-19 08:10:53.886 [main] INFO (StartupInfoLogger.java:61) - Started FrontCodeApplication in 8.599 seconds (JVM running for 10.236)
2021-10-19 08:10:56.323 [http-nio-8080-exec-1] DEBUG(LoggingFilter.java:32) - RequestURL : /
2021-10-19 08:12:22.672 [RMI TCP Connection(5)-127.0.0.1] DEBUG(LoggingFilter.java:39) - アプリケーション終了
2021-10-19 08:23:25.583 [main] INFO (StartupInfoLogger.java:55) - Starting FrontCodeApplication using Java 11.0.11 on DESKTOP-9FLEN63 with PID 10216 (C:\Users\inoke\Documents\workspace-spring-tool-suite-4-4.10.0.RELEASE\frontCode\target\classes started by inoke in C:\Users\inoke\Documents\workspace-spring-tool-suite-4-4.10.0.RELEASE\frontCode)
2021-10-19 08:23:25.588 [main] DEBUG(StartupInfoLogger.java:56) - Running with Spring Boot v2.5.5, Spring v5.3.10
2021-10-19 08:23:25.588 [main] INFO (SpringApplication.java:659) - No active profile set, falling back to default profiles: default
2021-10-19 08:23:28.370 [main] DEBUG(LoggingFilter.java:24) - アプリケーション開始
2021-10-19 08:23:32.177 [main] INFO (StartupInfoLogger.java:61) - Started FrontCodeApplication in 7.117 seconds (JVM running for 8.751)
2021-10-19 08:23:40.135 [http-nio-8080-exec-1] DEBUG(LoggingFilter.java:32) - RequestURL : /
2021-10-19 08:25:06.083 [http-nio-8080-exec-4] DEBUG(LoggingFilter.java:32) - RequestURL : /upload
2021-10-19 08:25:06.927 [http-nio-8080-exec-5] DEBUG(LoggingFilter.java:32) - RequestURL : /sampleFile/subsrc/sample11.html
2021-10-19 08:26:40.917 [http-nio-8080-exec-8] DEBUG(LoggingFilter.java:32) - RequestURL : /delete
2021-10-19 08:26:41.077 [http-nio-8080-exec-9] DEBUG(LoggingFilter.java:32) - RequestURL : /
2021-10-19 08:26:49.835 [RMI TCP Connection(7)-127.0.0.1] DEBUG(LoggingFilter.java:39) - アプリケーション終了
2021-10-19 22:09:21.362 [main] INFO (StartupInfoLogger.java:55) - Starting FrontCodeApplication using Java 11.0.11 on DESKTOP-9FLEN63 with PID 3860 (C:\Users\inoke\Documents\workspace-spring-tool-suite-4-4.10.0.RELEASE\frontCode\target\classes started by inoke in C:\Users\inoke\Documents\workspace-spring-tool-suite-4-4.10.0.RELEASE\frontCode)
2021-10-19 22:09:21.373 [main] DEBUG(StartupInfoLogger.java:56) - Running with Spring Boot v2.5.5, Spring v5.3.10
2021-10-19 22:09:21.374 [main] INFO (SpringApplication.java:659) - No active profile set, falling back to default profiles: default
2021-10-19 22:09:26.246 [main] DEBUG(LoggingFilter.java:24) - アプリケーション開始
2021-10-19 22:09:32.439 [main] INFO (StartupInfoLogger.java:61) - Started FrontCodeApplication in 11.845 seconds (JVM running for 15.407)
2021-10-19 22:09:32.618 [http-nio-8080-exec-1] DEBUG(LoggingFilter.java:32) - RequestURL : /
2021-10-19 22:09:33.930 [http-nio-8080-exec-2] DEBUG(LoggingFilter.java:32) - RequestURL : /js/script.js
2021-10-19 22:09:33.932 [http-nio-8080-exec-4] DEBUG(LoggingFilter.java:32) - RequestURL : /css/style.css
2021-10-19 22:09:33.934 [http-nio-8080-exec-3] DEBUG(LoggingFilter.java:32) - RequestURL : /js/jquery-3.5.1.min.js
2021-10-19 22:09:33.979 [http-nio-8080-exec-5] DEBUG(LoggingFilter.java:32) - RequestURL : /images/home.png
2021-10-19 22:09:33.995 [http-nio-8080-exec-6] DEBUG(LoggingFilter.java:32) - RequestURL : /images/plus_icon.png
2021-10-19 22:09:34.025 [http-nio-8080-exec-7] DEBUG(LoggingFilter.java:32) - RequestURL : /images/arrow_right.png
2021-10-19 22:09:34.027 [http-nio-8080-exec-9] DEBUG(LoggingFilter.java:32) - RequestURL : /images/check_icon.png
2021-10-19 22:09:34.027 [http-nio-8080-exec-8] DEBUG(LoggingFilter.java:32) - RequestURL : /images/click_icon.png
2021-10-19 22:09:34.166 [http-nio-8080-exec-10] DEBUG(LoggingFilter.java:32) - RequestURL : /favicon.ico
2021-10-19 22:13:18.000 [http-nio-8080-exec-3] DEBUG(LoggingFilter.java:32) - RequestURL : /
2021-10-19 22:13:18.111 [http-nio-8080-exec-3] ERROR(SimpleExceptionResolver.java:19) - 例外をキャッチしました。
javax.validation.UnexpectedTypeException: HV000030: No validator could be found for constraint 'javax.validation.constraints.NotEmpty' validating type 'java.lang.Integer'. Check configuration for 'typeSelectValue'
	at org.hibernate.validator.internal.engine.constraintvalidation.ConstraintTree.getExceptionForNullValidator(ConstraintTree.java:116)
	at org.hibernate.validator.internal.engine.constraintvalidation.ConstraintTree.getInitializedConstraintValidator(ConstraintTree.java:162)
	at org.hibernate.validator.internal.engine.constraintvalidation.SimpleConstraintTree.validateConstraints(SimpleConstraintTree.java:54)
	at org.hibernate.validator.internal.engine.constraintvalidation.ConstraintTree.validateConstraints(ConstraintTree.java:75)
	at org.hibernate.validator.internal.metadata.core.MetaConstraint.doValidateConstraint(MetaConstraint.java:130)
	at org.hibernate.validator.internal.metadata.core.MetaConstraint.validateConstraint(MetaConstraint.java:123)
	at org.hibernate.validator.internal.engine.ValidatorImpl.validateMetaConstraint(ValidatorImpl.java:555)
	at org.hibernate.validator.internal.engine.ValidatorImpl.validateConstraintsForSingleDefaultGroupElement(ValidatorImpl.java:518)
	at org.hibernate.validator.internal.engine.ValidatorImpl.validateConstraintsForDefaultGroup(ValidatorImpl.java:488)
	at org.hibernate.validator.internal.engine.ValidatorImpl.validateConstraintsForCurrentGroup(ValidatorImpl.java:450)
	at org.hibernate.validator.internal.engine.ValidatorImpl.validateInContext(ValidatorImpl.java:400)
	at org.hibernate.validator.internal.engine.ValidatorImpl.validate(ValidatorImpl.java:172)
	at org.springframework.validation.beanvalidation.SpringValidatorAdapter.validate(SpringValidatorAdapter.java:109)
	at org.springframework.boot.autoconfigure.validation.ValidatorAdapter.validate(ValidatorAdapter.java:65)
	at org.springframework.validation.DataBinder.validate(DataBinder.java:895)
	at org.springframework.web.method.annotation.ModelAttributeMethodProcessor.validateIfApplicable(ModelAttributeMethodProcessor.java:382)
	at org.springframework.web.method.annotation.ModelAttributeMethodProcessor.resolveArgument(ModelAttributeMethodProcessor.java:173)
	at org.springframework.web.method.support.HandlerMethodArgumentResolverComposite.resolveArgument(HandlerMethodArgumentResolverComposite.java:121)
	at org.springframework.web.method.support.InvocableHandlerMethod.getMethodArgumentValues(InvocableHandlerMethod.java:179)
	at org.springframework.web.method.support.InvocableHandlerMethod.invokeForRequest(InvocableHandlerMethod.java:146)
	at org.springframework.web.servlet.mvc.method.annotation.ServletInvocableHandlerMethod.invokeAndHandle(ServletInvocableHandlerMethod.java:117)
	at org.springframework.web.servlet.mvc.method.annotation.RequestMappingHandlerAdapter.invokeHandlerMethod(RequestMappingHandlerAdapter.java:895)
	at org.springframework.web.servlet.mvc.method.annotation.RequestMappingHandlerAdapter.handleInternal(RequestMappingHandlerAdapter.java:808)
	at org.springframework.web.servlet.mvc.method.AbstractHandlerMethodAdapter.handle(AbstractHandlerMethodAdapter.java:87)
	at org.springframework.web.servlet.DispatcherServlet.doDispatch(DispatcherServlet.java:1067)
	at org.springframework.web.servlet.DispatcherServlet.doService(DispatcherServlet.java:963)
	at org.springframework.web.servlet.FrameworkServlet.processRequest(FrameworkServlet.java:1006)
	at org.springframework.web.servlet.FrameworkServlet.doPost(FrameworkServlet.java:909)
	at javax.servlet.http.HttpServlet.service(HttpServlet.java:681)
	at org.springframework.web.servlet.FrameworkServlet.service(FrameworkServlet.java:883)
	at javax.servlet.http.HttpServlet.service(HttpServlet.java:764)
	at org.apache.catalina.core.ApplicationFilterChain.internalDoFilter(ApplicationFilterChain.java:227)
	at org.apache.catalina.core.ApplicationFilterChain.doFilter(ApplicationFilterChain.java:162)
	at org.apache.tomcat.websocket.server.WsFilter.doFilter(WsFilter.java:53)
	at org.apache.catalina.core.ApplicationFilterChain.internalDoFilter(ApplicationFilterChain.java:189)
	at org.apache.catalina.core.ApplicationFilterChain.doFilter(ApplicationFilterChain.java:162)
	at com.front.filter.LoggingFilter.doFilter(LoggingFilter.java:34)
	at org.apache.catalina.core.ApplicationFilterChain.internalDoFilter(ApplicationFilterChain.java:189)
	at org.apache.catalina.core.ApplicationFilterChain.doFilter(ApplicationFilterChain.java:162)
	at org.springframework.web.filter.RequestContextFilter.doFilterInternal(RequestContextFilter.java:100)
	at org.springframework.web.filter.OncePerRequestFilter.doFilter(OncePerRequestFilter.java:119)
	at org.apache.catalina.core.ApplicationFilterChain.internalDoFilter(ApplicationFilterChain.java:189)
	at org.apache.catalina.core.ApplicationFilterChain.doFilter(ApplicationFilterChain.java:162)
	at org.springframework.web.filter.FormContentFilter.doFilterInternal(FormContentFilter.java:93)
	at org.springframework.web.filter.OncePerRequestFilter.doFilter(OncePerRequestFilter.java:119)
	at org.apache.catalina.core.ApplicationFilterChain.internalDoFilter(ApplicationFilterChain.java:189)
	at org.apache.catalina.core.ApplicationFilterChain.doFilter(ApplicationFilterChain.java:162)
	at org.springframework.web.filter.CharacterEncodingFilter.doFilterInternal(CharacterEncodingFilter.java:201)
	at org.springframework.web.filter.OncePerRequestFilter.doFilter(OncePerRequestFilter.java:119)
	at org.apache.catalina.core.ApplicationFilterChain.internalDoFilter(ApplicationFilterChain.java:189)
	at org.apache.catalina.core.ApplicationFilterChain.doFilter(ApplicationFilterChain.java:162)
	at org.apache.catalina.core.StandardWrapperValve.invoke(StandardWrapperValve.java:197)
	at org.apache.catalina.core.StandardContextValve.invoke(StandardContextValve.java:97)
	at org.apache.catalina.authenticator.AuthenticatorBase.invoke(AuthenticatorBase.java:540)
	at org.apache.catalina.core.StandardHostValve.invoke(StandardHostValve.java:135)
	at org.apache.catalina.valves.ErrorReportValve.invoke(ErrorReportValve.java:92)
	at org.apache.catalina.core.StandardEngineValve.invoke(StandardEngineValve.java:78)
	at org.apache.catalina.connector.CoyoteAdapter.service(CoyoteAdapter.java:357)
	at org.apache.coyote.http11.Http11Processor.service(Http11Processor.java:382)
	at org.apache.coyote.AbstractProcessorLight.process(AbstractProcessorLight.java:65)
	at org.apache.coyote.AbstractProtocol$ConnectionHandler.process(AbstractProtocol.java:893)
	at org.apache.tomcat.util.net.NioEndpoint$SocketProcessor.doRun(NioEndpoint.java:1726)
	at org.apache.tomcat.util.net.SocketProcessorBase.run(SocketProcessorBase.java:49)
	at org.apache.tomcat.util.threads.ThreadPoolExecutor.runWorker(ThreadPoolExecutor.java:1191)
	at org.apache.tomcat.util.threads.ThreadPoolExecutor$Worker.run(ThreadPoolExecutor.java:659)
	at org.apache.tomcat.util.threads.TaskThread$WrappingRunnable.run(TaskThread.java:61)
	at java.base/java.lang.Thread.run(Thread.java:834)
2021-10-19 22:20:58.452 [RMI TCP Connection(16)-127.0.0.1] DEBUG(LoggingFilter.java:39) - アプリケーション終了
2021-10-19 22:21:06.040 [main] INFO (StartupInfoLogger.java:55) - Starting FrontCodeApplication using Java 11.0.11 on DESKTOP-9FLEN63 with PID 5000 (C:\Users\inoke\Documents\workspace-spring-tool-suite-4-4.10.0.RELEASE\frontCode\target\classes started by inoke in C:\Users\inoke\Documents\workspace-spring-tool-suite-4-4.10.0.RELEASE\frontCode)
2021-10-19 22:21:06.045 [main] DEBUG(StartupInfoLogger.java:56) - Running with Spring Boot v2.5.5, Spring v5.3.10
2021-10-19 22:21:06.046 [main] INFO (SpringApplication.java:659) - No active profile set, falling back to default profiles: default
2021-10-19 22:21:08.554 [main] DEBUG(LoggingFilter.java:24) - アプリケーション開始
2021-10-19 22:21:14.657 [main] INFO (StartupInfoLogger.java:61) - Started FrontCodeApplication in 9.115 seconds (JVM running for 10.796)
2021-10-19 22:21:15.188 [http-nio-8080-exec-1] DEBUG(LoggingFilter.java:32) - RequestURL : /
2021-10-19 22:21:23.408 [http-nio-8080-exec-2] DEBUG(LoggingFilter.java:32) - RequestURL : /
2021-10-19 22:21:42.253 [http-nio-8080-exec-3] DEBUG(LoggingFilter.java:32) - RequestURL : /
2021-10-19 22:21:44.086 [http-nio-8080-exec-4] DEBUG(LoggingFilter.java:32) - RequestURL : /
2021-10-19 22:21:44.714 [http-nio-8080-exec-5] DEBUG(LoggingFilter.java:32) - RequestURL : /
2021-10-19 22:21:45.377 [http-nio-8080-exec-6] DEBUG(LoggingFilter.java:32) - RequestURL : /
2021-10-19 22:21:45.827 [http-nio-8080-exec-7] DEBUG(LoggingFilter.java:32) - RequestURL : /
2021-10-19 22:21:46.139 [http-nio-8080-exec-8] DEBUG(LoggingFilter.java:32) - RequestURL : /
2021-10-19 22:21:46.290 [http-nio-8080-exec-9] DEBUG(LoggingFilter.java:32) - RequestURL : /
2021-10-19 22:21:46.490 [http-nio-8080-exec-10] DEBUG(LoggingFilter.java:32) - RequestURL : /
2021-10-19 22:21:46.979 [http-nio-8080-exec-1] DEBUG(LoggingFilter.java:32) - RequestURL : /
2021-10-19 22:21:47.505 [http-nio-8080-exec-2] DEBUG(LoggingFilter.java:32) - RequestURL : /
2021-10-19 22:21:48.178 [http-nio-8080-exec-3] DEBUG(LoggingFilter.java:32) - RequestURL : /
2021-10-19 22:21:48.536 [http-nio-8080-exec-4] DEBUG(LoggingFilter.java:32) - RequestURL : /
2021-10-19 22:21:48.893 [http-nio-8080-exec-5] DEBUG(LoggingFilter.java:32) - RequestURL : /
2021-10-19 22:21:49.124 [http-nio-8080-exec-6] DEBUG(LoggingFilter.java:32) - RequestURL : /
2021-10-19 22:21:49.350 [http-nio-8080-exec-7] DEBUG(LoggingFilter.java:32) - RequestURL : /
2021-10-19 22:21:49.578 [http-nio-8080-exec-8] DEBUG(LoggingFilter.java:32) - RequestURL : /
2021-10-19 22:21:49.790 [http-nio-8080-exec-9] DEBUG(LoggingFilter.java:32) - RequestURL : /
2021-10-19 22:21:49.967 [http-nio-8080-exec-10] DEBUG(LoggingFilter.java:32) - RequestURL : /
2021-10-19 22:21:50.158 [http-nio-8080-exec-1] DEBUG(LoggingFilter.java:32) - RequestURL : /
2021-10-19 22:38:13.511 [RMI TCP Connection(20)-127.0.0.1] DEBUG(LoggingFilter.java:39) - アプリケーション終了
2021-10-19 22:38:21.184 [main] INFO (StartupInfoLogger.java:55) - Starting FrontCodeApplication using Java 11.0.11 on DESKTOP-9FLEN63 with PID 9272 (C:\Users\inoke\Documents\workspace-spring-tool-suite-4-4.10.0.RELEASE\frontCode\target\classes started by inoke in C:\Users\inoke\Documents\workspace-spring-tool-suite-4-4.10.0.RELEASE\frontCode)
2021-10-19 22:38:21.190 [main] DEBUG(StartupInfoLogger.java:56) - Running with Spring Boot v2.5.5, Spring v5.3.10
2021-10-19 22:38:21.192 [main] INFO (SpringApplication.java:659) - No active profile set, falling back to default profiles: default
2021-10-19 22:38:23.956 [main] DEBUG(LoggingFilter.java:24) - アプリケーション開始
2021-10-19 22:38:27.469 [main] INFO (StartupInfoLogger.java:61) - Started FrontCodeApplication in 6.815 seconds (JVM running for 8.483)
2021-10-19 22:38:37.749 [http-nio-8080-exec-1] DEBUG(LoggingFilter.java:32) - RequestURL : /
2021-10-19 22:38:43.017 [http-nio-8080-exec-2] DEBUG(LoggingFilter.java:32) - RequestURL : /
2021-10-19 22:41:31.968 [RMI TCP Connection(5)-127.0.0.1] DEBUG(LoggingFilter.java:39) - アプリケーション終了
2021-10-19 22:44:28.539 [main] INFO (StartupInfoLogger.java:55) - Starting FrontCodeApplication using Java 11.0.11 on DESKTOP-9FLEN63 with PID 3300 (C:\Users\inoke\Documents\workspace-spring-tool-suite-4-4.10.0.RELEASE\frontCode\target\classes started by inoke in C:\Users\inoke\Documents\workspace-spring-tool-suite-4-4.10.0.RELEASE\frontCode)
2021-10-19 22:44:28.543 [main] DEBUG(StartupInfoLogger.java:56) - Running with Spring Boot v2.5.5, Spring v5.3.10
2021-10-19 22:44:28.543 [main] INFO (SpringApplication.java:659) - No active profile set, falling back to default profiles: default
2021-10-19 22:44:30.923 [main] DEBUG(LoggingFilter.java:24) - アプリケーション開始
2021-10-19 22:44:35.897 [main] INFO (StartupInfoLogger.java:61) - Started FrontCodeApplication in 7.905 seconds (JVM running for 9.493)
2021-10-19 22:44:36.038 [http-nio-8080-exec-1] DEBUG(LoggingFilter.java:32) - RequestURL : /
2021-10-19 22:44:41.987 [RMI TCP Connection(2)-127.0.0.1] DEBUG(LoggingFilter.java:39) - アプリケーション終了
2021-10-19 22:45:09.805 [main] INFO (StartupInfoLogger.java:55) - Starting FrontCodeApplication using Java 11.0.11 on DESKTOP-9FLEN63 with PID 8444 (C:\Users\inoke\Documents\workspace-spring-tool-suite-4-4.10.0.RELEASE\frontCode\target\classes started by inoke in C:\Users\inoke\Documents\workspace-spring-tool-suite-4-4.10.0.RELEASE\frontCode)
2021-10-19 22:45:09.811 [main] DEBUG(StartupInfoLogger.java:56) - Running with Spring Boot v2.5.5, Spring v5.3.10
2021-10-19 22:45:09.812 [main] INFO (SpringApplication.java:659) - No active profile set, falling back to default profiles: default
2021-10-19 22:45:14.331 [main] DEBUG(LoggingFilter.java:24) - アプリケーション開始
2021-10-19 22:45:19.408 [main] INFO (StartupInfoLogger.java:61) - Started FrontCodeApplication in 10.161 seconds (JVM running for 12.036)
2021-10-19 22:45:19.599 [http-nio-8080-exec-1] DEBUG(LoggingFilter.java:32) - RequestURL : /
2021-10-19 22:45:25.125 [http-nio-8080-exec-2] DEBUG(LoggingFilter.java:32) - RequestURL : /
2021-10-19 22:46:09.138 [RMI TCP Connection(3)-127.0.0.1] DEBUG(LoggingFilter.java:39) - アプリケーション終了
2021-10-19 22:46:16.639 [main] INFO (StartupInfoLogger.java:55) - Starting FrontCodeApplication using Java 11.0.11 on DESKTOP-9FLEN63 with PID 6676 (C:\Users\inoke\Documents\workspace-spring-tool-suite-4-4.10.0.RELEASE\frontCode\target\classes started by inoke in C:\Users\inoke\Documents\workspace-spring-tool-suite-4-4.10.0.RELEASE\frontCode)
2021-10-19 22:46:16.646 [main] DEBUG(StartupInfoLogger.java:56) - Running with Spring Boot v2.5.5, Spring v5.3.10
2021-10-19 22:46:16.647 [main] INFO (SpringApplication.java:659) - No active profile set, falling back to default profiles: default
2021-10-19 22:46:19.556 [main] DEBUG(LoggingFilter.java:24) - アプリケーション開始
2021-10-19 22:46:23.877 [main] INFO (StartupInfoLogger.java:61) - Started FrontCodeApplication in 7.825 seconds (JVM running for 9.633)
2021-10-19 22:46:29.865 [http-nio-8080-exec-1] DEBUG(LoggingFilter.java:32) - RequestURL : /
2021-10-19 22:46:39.650 [http-nio-8080-exec-2] DEBUG(LoggingFilter.java:32) - RequestURL : /
2021-10-19 22:46:50.026 [http-nio-8080-exec-3] DEBUG(LoggingFilter.java:32) - RequestURL : /
2021-10-19 22:46:50.940 [http-nio-8080-exec-4] DEBUG(LoggingFilter.java:32) - RequestURL : /sampleFile/subsrc/sample12.html
2021-10-19 22:46:53.813 [http-nio-8080-exec-5] DEBUG(LoggingFilter.java:32) - RequestURL : /comp
2021-10-19 22:46:55.484 [http-nio-8080-exec-6] DEBUG(LoggingFilter.java:32) - RequestURL : /
2021-10-19 22:46:59.930 [http-nio-8080-exec-7] DEBUG(LoggingFilter.java:32) - RequestURL : /manageList
2021-10-19 22:47:00.098 [http-nio-8080-exec-8] DEBUG(LoggingFilter.java:32) - RequestURL : /images/file_icon.png
2021-10-19 22:47:00.109 [http-nio-8080-exec-9] DEBUG(LoggingFilter.java:32) - RequestURL : /images/setting_icon.png
2021-10-19 22:47:01.295 [http-nio-8080-exec-10] DEBUG(LoggingFilter.java:32) - RequestURL : /manageDetail
2021-10-19 22:47:01.442 [http-nio-8080-exec-1] DEBUG(LoggingFilter.java:32) - RequestURL : /images/ok_icon.png
2021-10-19 22:47:01.445 [http-nio-8080-exec-2] DEBUG(LoggingFilter.java:32) - RequestURL : /images/dust_icon.png
2021-10-19 22:47:01.468 [http-nio-8080-exec-3] DEBUG(LoggingFilter.java:32) - RequestURL : /sampleFile/src/sample12.html
2021-10-19 22:47:03.586 [http-nio-8080-exec-4] DEBUG(LoggingFilter.java:32) - RequestURL : /reject
2021-10-19 22:50:09.806 [http-nio-8080-exec-7] DEBUG(LoggingFilter.java:32) - RequestURL : /
2021-10-19 22:50:19.911 [http-nio-8080-exec-9] DEBUG(LoggingFilter.java:32) - RequestURL : /
2021-10-19 22:50:20.105 [http-nio-8080-exec-8] DEBUG(LoggingFilter.java:32) - RequestURL : /sampleFile/subsrc/sample13.html
2021-10-19 22:50:21.371 [http-nio-8080-exec-10] DEBUG(LoggingFilter.java:32) - RequestURL : /
2021-10-19 22:50:21.660 [http-nio-8080-exec-2] DEBUG(LoggingFilter.java:32) - RequestURL : /sampleFile/subsrc/sample14.html
2021-10-19 23:20:09.951 [RMI TCP Connection(37)-127.0.0.1] DEBUG(LoggingFilter.java:39) - アプリケーション終了
2021-10-19 23:36:44.258 [main] INFO (StartupInfoLogger.java:55) - Starting FrontCodeApplication using Java 11.0.11 on DESKTOP-9FLEN63 with PID 13468 (C:\Users\inoke\Documents\workspace-spring-tool-suite-4-4.10.0.RELEASE\frontCode\target\classes started by inoke in C:\Users\inoke\Documents\workspace-spring-tool-suite-4-4.10.0.RELEASE\frontCode)
2021-10-19 23:36:44.263 [main] DEBUG(StartupInfoLogger.java:56) - Running with Spring Boot v2.5.5, Spring v5.3.10
2021-10-19 23:36:44.263 [main] INFO (SpringApplication.java:659) - No active profile set, falling back to default profiles: default
2021-10-19 23:36:47.767 [main] DEBUG(LoggingFilter.java:24) - アプリケーション開始
2021-10-19 23:36:53.882 [main] INFO (StartupInfoLogger.java:61) - Started FrontCodeApplication in 10.51 seconds (JVM running for 13.224)
2021-10-19 23:36:59.837 [http-nio-8080-exec-1] DEBUG(LoggingFilter.java:32) - RequestURL : /
2021-10-19 23:37:14.487 [http-nio-8080-exec-2] DEBUG(LoggingFilter.java:32) - RequestURL : /upload
2021-10-19 23:37:15.447 [http-nio-8080-exec-3] DEBUG(LoggingFilter.java:32) - RequestURL : /upload;jsessionid=1EC62BD65F29222E6A6CA595FC7BF80D
2021-10-19 23:37:15.746 [http-nio-8080-exec-4] DEBUG(LoggingFilter.java:32) - RequestURL : /sampleFile/subsrc/sample15.html
2021-10-19 23:38:26.803 [http-nio-8080-exec-7] DEBUG(LoggingFilter.java:32) - RequestURL : /upload;jsessionid=1EC62BD65F29222E6A6CA595FC7BF80D
2021-10-19 23:38:26.842 [http-nio-8080-exec-7] ERROR(SimpleExceptionResolver.java:19) - 例外をキャッチしました。
java.lang.NullPointerException: null
	at com.front.controller.homeController.upload(homeController.java:285)
	at java.base/jdk.internal.reflect.NativeMethodAccessorImpl.invoke0(Native Method)
	at java.base/jdk.internal.reflect.NativeMethodAccessorImpl.invoke(NativeMethodAccessorImpl.java:62)
	at java.base/jdk.internal.reflect.DelegatingMethodAccessorImpl.invoke(DelegatingMethodAccessorImpl.java:43)
	at java.base/java.lang.reflect.Method.invoke(Method.java:566)
	at org.springframework.web.method.support.InvocableHandlerMethod.doInvoke(InvocableHandlerMethod.java:205)
	at org.springframework.web.method.support.InvocableHandlerMethod.invokeForRequest(InvocableHandlerMethod.java:150)
	at org.springframework.web.servlet.mvc.method.annotation.ServletInvocableHandlerMethod.invokeAndHandle(ServletInvocableHandlerMethod.java:117)
	at org.springframework.web.servlet.mvc.method.annotation.RequestMappingHandlerAdapter.invokeHandlerMethod(RequestMappingHandlerAdapter.java:895)
	at org.springframework.web.servlet.mvc.method.annotation.RequestMappingHandlerAdapter.handleInternal(RequestMappingHandlerAdapter.java:808)
	at org.springframework.web.servlet.mvc.method.AbstractHandlerMethodAdapter.handle(AbstractHandlerMethodAdapter.java:87)
	at org.springframework.web.servlet.DispatcherServlet.doDispatch(DispatcherServlet.java:1067)
	at org.springframework.web.servlet.DispatcherServlet.doService(DispatcherServlet.java:963)
	at org.springframework.web.servlet.FrameworkServlet.processRequest(FrameworkServlet.java:1006)
	at org.springframework.web.servlet.FrameworkServlet.doGet(FrameworkServlet.java:898)
	at javax.servlet.http.HttpServlet.service(HttpServlet.java:655)
	at org.springframework.web.servlet.FrameworkServlet.service(FrameworkServlet.java:883)
	at javax.servlet.http.HttpServlet.service(HttpServlet.java:764)
	at org.apache.catalina.core.ApplicationFilterChain.internalDoFilter(ApplicationFilterChain.java:227)
	at org.apache.catalina.core.ApplicationFilterChain.doFilter(ApplicationFilterChain.java:162)
	at org.apache.tomcat.websocket.server.WsFilter.doFilter(WsFilter.java:53)
	at org.apache.catalina.core.ApplicationFilterChain.internalDoFilter(ApplicationFilterChain.java:189)
	at org.apache.catalina.core.ApplicationFilterChain.doFilter(ApplicationFilterChain.java:162)
	at com.front.filter.LoggingFilter.doFilter(LoggingFilter.java:34)
	at org.apache.catalina.core.ApplicationFilterChain.internalDoFilter(ApplicationFilterChain.java:189)
	at org.apache.catalina.core.ApplicationFilterChain.doFilter(ApplicationFilterChain.java:162)
	at org.springframework.web.filter.RequestContextFilter.doFilterInternal(RequestContextFilter.java:100)
	at org.springframework.web.filter.OncePerRequestFilter.doFilter(OncePerRequestFilter.java:119)
	at org.apache.catalina.core.ApplicationFilterChain.internalDoFilter(ApplicationFilterChain.java:189)
	at org.apache.catalina.core.ApplicationFilterChain.doFilter(ApplicationFilterChain.java:162)
	at org.springframework.web.filter.FormContentFilter.doFilterInternal(FormContentFilter.java:93)
	at org.springframework.web.filter.OncePerRequestFilter.doFilter(OncePerRequestFilter.java:119)
	at org.apache.catalina.core.ApplicationFilterChain.internalDoFilter(ApplicationFilterChain.java:189)
	at org.apache.catalina.core.ApplicationFilterChain.doFilter(ApplicationFilterChain.java:162)
	at org.springframework.web.filter.CharacterEncodingFilter.doFilterInternal(CharacterEncodingFilter.java:201)
	at org.springframework.web.filter.OncePerRequestFilter.doFilter(OncePerRequestFilter.java:119)
	at org.apache.catalina.core.ApplicationFilterChain.internalDoFilter(ApplicationFilterChain.java:189)
	at org.apache.catalina.core.ApplicationFilterChain.doFilter(ApplicationFilterChain.java:162)
	at org.apache.catalina.core.StandardWrapperValve.invoke(StandardWrapperValve.java:197)
	at org.apache.catalina.core.StandardContextValve.invoke(StandardContextValve.java:97)
	at org.apache.catalina.authenticator.AuthenticatorBase.invoke(AuthenticatorBase.java:540)
	at org.apache.catalina.core.StandardHostValve.invoke(StandardHostValve.java:135)
	at org.apache.catalina.valves.ErrorReportValve.invoke(ErrorReportValve.java:92)
	at org.apache.catalina.core.StandardEngineValve.invoke(StandardEngineValve.java:78)
	at org.apache.catalina.connector.CoyoteAdapter.service(CoyoteAdapter.java:357)
	at org.apache.coyote.http11.Http11Processor.service(Http11Processor.java:382)
	at org.apache.coyote.AbstractProcessorLight.process(AbstractProcessorLight.java:65)
	at org.apache.coyote.AbstractProtocol$ConnectionHandler.process(AbstractProtocol.java:893)
	at org.apache.tomcat.util.net.NioEndpoint$SocketProcessor.doRun(NioEndpoint.java:1726)
	at org.apache.tomcat.util.net.SocketProcessorBase.run(SocketProcessorBase.java:49)
	at org.apache.tomcat.util.threads.ThreadPoolExecutor.runWorker(ThreadPoolExecutor.java:1191)
	at org.apache.tomcat.util.threads.ThreadPoolExecutor$Worker.run(ThreadPoolExecutor.java:659)
	at org.apache.tomcat.util.threads.TaskThread$WrappingRunnable.run(TaskThread.java:61)
	at java.base/java.lang.Thread.run(Thread.java:834)
2021-10-19 23:39:26.404 [http-nio-8080-exec-10] DEBUG(LoggingFilter.java:32) - RequestURL : /
2021-10-19 23:43:13.879 [RMI TCP Connection(11)-127.0.0.1] DEBUG(LoggingFilter.java:39) - アプリケーション終了
2021-10-19 23:57:49.946 [main] INFO (StartupInfoLogger.java:55) - Starting FrontCodeApplication using Java 11.0.11 on DESKTOP-9FLEN63 with PID 2104 (C:\Users\inoke\Documents\workspace-spring-tool-suite-4-4.10.0.RELEASE\frontCode\target\classes started by inoke in C:\Users\inoke\Documents\workspace-spring-tool-suite-4-4.10.0.RELEASE\frontCode)
2021-10-19 23:57:49.951 [main] DEBUG(StartupInfoLogger.java:56) - Running with Spring Boot v2.5.5, Spring v5.3.10
2021-10-19 23:57:49.952 [main] INFO (SpringApplication.java:659) - No active profile set, falling back to default profiles: default
2021-10-19 23:57:52.065 [main] DEBUG(LoggingFilter.java:24) - アプリケーション開始
2021-10-19 23:57:55.281 [main] INFO (StartupInfoLogger.java:61) - Started FrontCodeApplication in 5.903 seconds (JVM running for 7.932)
2021-10-19 23:57:57.545 [http-nio-8080-exec-1] DEBUG(LoggingFilter.java:32) - RequestURL : /
2021-10-19 23:58:12.210 [http-nio-8080-exec-2] DEBUG(LoggingFilter.java:32) - RequestURL : /upload
2021-10-19 23:58:12.694 [http-nio-8080-exec-3] DEBUG(LoggingFilter.java:32) - RequestURL : /check
2021-10-19 23:58:12.864 [http-nio-8080-exec-4] DEBUG(LoggingFilter.java:32) - RequestURL : /sampleFile/subsrc/sample16.html
2021-10-19 23:58:16.322 [http-nio-8080-exec-5] DEBUG(LoggingFilter.java:32) - RequestURL : /save
2021-10-19 23:58:16.464 [http-nio-8080-exec-6] DEBUG(LoggingFilter.java:32) - RequestURL : /comp
2021-10-19 23:58:17.744 [http-nio-8080-exec-7] DEBUG(LoggingFilter.java:32) - RequestURL : /
2021-10-19 23:58:24.689 [http-nio-8080-exec-8] DEBUG(LoggingFilter.java:32) - RequestURL : /managelList
2021-10-19 23:58:27.868 [http-nio-8080-exec-9] DEBUG(LoggingFilter.java:32) - RequestURL : /manageList
2021-10-19 23:59:01.493 [http-nio-8080-exec-1] DEBUG(LoggingFilter.java:32) - RequestURL : /manageDetail
2021-10-19 23:59:01.603 [http-nio-8080-exec-2] DEBUG(LoggingFilter.java:32) - RequestURL : /sampleFile/src/sample16.html
2021-10-19 23:59:05.463 [http-nio-8080-exec-3] DEBUG(LoggingFilter.java:32) - RequestURL : /reject
2021-10-19 23:59:07.232 [http-nio-8080-exec-4] DEBUG(LoggingFilter.java:32) - RequestURL : /
