2021-10-20 00:02:54.369 [RMI TCP Connection(7)-127.0.0.1] DEBUG(LoggingFilter.java:39) - アプリケーション終了
2021-10-20 00:06:38.122 [main] INFO (StartupInfoLogger.java:55) - Starting FrontCodeApplication using Java 11.0.11 on DESKTOP-9FLEN63 with PID 8456 (C:\Users\inoke\Documents\workspace-spring-tool-suite-4-4.10.0.RELEASE\frontCode\target\classes started by inoke in C:\Users\inoke\Documents\workspace-spring-tool-suite-4-4.10.0.RELEASE\frontCode)
2021-10-20 00:06:38.127 [main] DEBUG(StartupInfoLogger.java:56) - Running with Spring Boot v2.5.5, Spring v5.3.10
2021-10-20 00:06:38.128 [main] INFO (SpringApplication.java:659) - No active profile set, falling back to default profiles: default
2021-10-20 00:06:40.393 [main] DEBUG(LoggingFilter.java:24) - アプリケーション開始
2021-10-20 00:06:43.816 [main] INFO (StartupInfoLogger.java:61) - Started FrontCodeApplication in 6.225 seconds (JVM running for 7.819)
2021-10-20 00:06:46.711 [http-nio-8080-exec-1] DEBUG(LoggingFilter.java:32) - RequestURL : /
2021-10-20 00:06:58.846 [http-nio-8080-exec-2] DEBUG(LoggingFilter.java:32) - RequestURL : /upload
2021-10-20 00:06:59.361 [http-nio-8080-exec-3] DEBUG(LoggingFilter.java:32) - RequestURL : /check
2021-10-20 00:06:59.513 [http-nio-8080-exec-4] DEBUG(LoggingFilter.java:32) - RequestURL : /sampleFile/subsrc/sample17.html
2021-10-20 00:07:01.144 [http-nio-8080-exec-5] DEBUG(LoggingFilter.java:32) - RequestURL : /delete
2021-10-20 00:07:01.209 [http-nio-8080-exec-6] DEBUG(LoggingFilter.java:32) - RequestURL : /
2021-10-20 00:07:22.621 [RMI TCP Connection(4)-127.0.0.1] DEBUG(LoggingFilter.java:39) - アプリケーション終了
2021-10-20 08:14:54.905 [main] INFO (StartupInfoLogger.java:55) - Starting FrontCodeApplication using Java 11.0.11 on DESKTOP-9FLEN63 with PID 1604 (C:\Users\inoke\Documents\workspace-spring-tool-suite-4-4.10.0.RELEASE\frontCode\target\classes started by inoke in C:\Users\inoke\Documents\workspace-spring-tool-suite-4-4.10.0.RELEASE\frontCode)
2021-10-20 08:14:54.910 [main] DEBUG(StartupInfoLogger.java:56) - Running with Spring Boot v2.5.5, Spring v5.3.10
2021-10-20 08:14:54.911 [main] INFO (SpringApplication.java:659) - No active profile set, falling back to default profiles: default
2021-10-20 08:14:58.847 [main] DEBUG(LoggingFilter.java:24) - アプリケーション開始
2021-10-20 08:15:05.396 [main] INFO (StartupInfoLogger.java:61) - Started FrontCodeApplication in 11.488 seconds (JVM running for 13.638)
2021-10-20 08:15:05.749 [http-nio-8080-exec-1] DEBUG(LoggingFilter.java:32) - RequestURL : /
2021-10-20 08:15:06.731 [http-nio-8080-exec-4] DEBUG(LoggingFilter.java:32) - RequestURL : /js/script.js
2021-10-20 08:15:06.732 [http-nio-8080-exec-2] DEBUG(LoggingFilter.java:32) - RequestURL : /css/style.css
2021-10-20 08:15:06.733 [http-nio-8080-exec-3] DEBUG(LoggingFilter.java:32) - RequestURL : /js/jquery-3.5.1.min.js
2021-10-20 08:15:06.784 [http-nio-8080-exec-5] DEBUG(LoggingFilter.java:32) - RequestURL : /images/home.png
2021-10-20 08:15:06.786 [http-nio-8080-exec-6] DEBUG(LoggingFilter.java:32) - RequestURL : /images/plus_icon.png
2021-10-20 08:15:06.856 [http-nio-8080-exec-7] DEBUG(LoggingFilter.java:32) - RequestURL : /images/arrow_right.png
2021-10-20 08:15:06.874 [http-nio-8080-exec-8] DEBUG(LoggingFilter.java:32) - RequestURL : /images/check_icon.png
2021-10-20 08:15:06.888 [http-nio-8080-exec-9] DEBUG(LoggingFilter.java:32) - RequestURL : /images/click_icon.png
2021-10-20 08:15:07.274 [http-nio-8080-exec-10] DEBUG(LoggingFilter.java:32) - RequestURL : /favicon.ico
2021-10-20 08:15:33.028 [http-nio-8080-exec-1] DEBUG(LoggingFilter.java:32) - RequestURL : /upload
2021-10-20 08:15:34.192 [http-nio-8080-exec-3] DEBUG(LoggingFilter.java:32) - RequestURL : /check;jsessionid=4F2101D69C7353DC236480AA7DEE66F0
2021-10-20 08:15:34.440 [http-nio-8080-exec-4] DEBUG(LoggingFilter.java:32) - RequestURL : /images/back_icon.png
2021-10-20 08:15:34.442 [http-nio-8080-exec-2] DEBUG(LoggingFilter.java:32) - RequestURL : /images/send_icon.png
2021-10-20 08:15:34.491 [http-nio-8080-exec-5] DEBUG(LoggingFilter.java:32) - RequestURL : /sampleFile/subsrc/sample18.html
2021-10-20 08:15:37.071 [http-nio-8080-exec-6] DEBUG(LoggingFilter.java:32) - RequestURL : /save
2021-10-20 08:15:37.462 [http-nio-8080-exec-7] DEBUG(LoggingFilter.java:32) - RequestURL : /comp
2021-10-20 08:15:38.765 [http-nio-8080-exec-8] DEBUG(LoggingFilter.java:32) - RequestURL : /
2021-10-20 08:15:41.968 [http-nio-8080-exec-9] DEBUG(LoggingFilter.java:32) - RequestURL : /manageList
2021-10-20 08:16:07.645 [http-nio-8080-exec-1] DEBUG(LoggingFilter.java:32) - RequestURL : /unapprovedList
2021-10-20 08:16:07.826 [http-nio-8080-exec-3] DEBUG(LoggingFilter.java:32) - RequestURL : /images/setting_icon.png
2021-10-20 08:16:07.850 [http-nio-8080-exec-4] DEBUG(LoggingFilter.java:32) - RequestURL : /images/file_icon.png
2021-10-20 08:16:09.236 [http-nio-8080-exec-2] DEBUG(LoggingFilter.java:32) - RequestURL : /manageDetail
2021-10-20 08:16:09.411 [http-nio-8080-exec-5] DEBUG(LoggingFilter.java:32) - RequestURL : /sampleFile/src/sample18.html
2021-10-20 08:16:09.470 [http-nio-8080-exec-7] DEBUG(LoggingFilter.java:32) - RequestURL : /images/dust_icon.png
2021-10-20 08:16:09.470 [http-nio-8080-exec-6] DEBUG(LoggingFilter.java:32) - RequestURL : /images/ok_icon.png
2021-10-20 08:16:12.318 [http-nio-8080-exec-8] DEBUG(LoggingFilter.java:32) - RequestURL : /reject
2021-10-20 08:16:12.375 [http-nio-8080-exec-9] DEBUG(LoggingFilter.java:32) - RequestURL : /unapprovedList
2021-10-20 08:16:14.132 [http-nio-8080-exec-10] DEBUG(LoggingFilter.java:32) - RequestURL : /filter
2021-10-20 08:16:14.468 [http-nio-8080-exec-1] DEBUG(LoggingFilter.java:32) - RequestURL : /filter
2021-10-20 08:16:15.143 [http-nio-8080-exec-3] DEBUG(LoggingFilter.java:32) - RequestURL : /filter
2021-10-20 08:16:17.183 [http-nio-8080-exec-4] DEBUG(LoggingFilter.java:32) - RequestURL : /
2021-10-20 08:16:28.177 [http-nio-8080-exec-2] DEBUG(LoggingFilter.java:32) - RequestURL : /upload
2021-10-20 08:16:28.388 [http-nio-8080-exec-5] DEBUG(LoggingFilter.java:32) - RequestURL : /check
2021-10-20 08:16:28.586 [http-nio-8080-exec-6] DEBUG(LoggingFilter.java:32) - RequestURL : /sampleFile/subsrc/sample19.html
2021-10-20 08:16:30.265 [http-nio-8080-exec-7] DEBUG(LoggingFilter.java:32) - RequestURL : /save
2021-10-20 08:16:30.362 [http-nio-8080-exec-8] DEBUG(LoggingFilter.java:32) - RequestURL : /comp
2021-10-20 08:16:31.277 [http-nio-8080-exec-9] DEBUG(LoggingFilter.java:32) - RequestURL : /
2021-10-20 08:16:42.087 [http-nio-8080-exec-10] DEBUG(LoggingFilter.java:32) - RequestURL : /unapprovedList
2021-10-20 08:16:48.290 [http-nio-8080-exec-1] DEBUG(LoggingFilter.java:32) - RequestURL : /filter
2021-10-20 08:16:50.923 [http-nio-8080-exec-3] DEBUG(LoggingFilter.java:32) - RequestURL : /filter
2021-10-20 08:16:58.960 [http-nio-8080-exec-4] DEBUG(LoggingFilter.java:32) - RequestURL : /manageDetail
2021-10-20 08:16:59.066 [http-nio-8080-exec-2] DEBUG(LoggingFilter.java:32) - RequestURL : /sampleFile/src/sample19.html
2021-10-20 08:17:01.051 [http-nio-8080-exec-5] DEBUG(LoggingFilter.java:32) - RequestURL : /regist
2021-10-20 08:17:01.108 [http-nio-8080-exec-6] DEBUG(LoggingFilter.java:32) - RequestURL : /unapprovedList
2021-10-20 08:17:02.603 [http-nio-8080-exec-7] DEBUG(LoggingFilter.java:32) - RequestURL : /
2021-10-20 08:17:02.889 [http-nio-8080-exec-8] DEBUG(LoggingFilter.java:32) - RequestURL : /images/download_icon.png
2021-10-20 08:17:02.889 [http-nio-8080-exec-9] DEBUG(LoggingFilter.java:32) - RequestURL : /sampleFile/src/sample19.html
2021-10-20 08:26:33.036 [RMI TCP Connection(15)-127.0.0.1] DEBUG(LoggingFilter.java:39) - アプリケーション終了
2021-10-20 08:26:55.577 [main] INFO (StartupInfoLogger.java:55) - Starting FrontCodeApplication using Java 11.0.11 on DESKTOP-9FLEN63 with PID 1656 (C:\Users\inoke\Documents\workspace-spring-tool-suite-4-4.10.0.RELEASE\frontCode\target\classes started by inoke in C:\Users\inoke\Documents\workspace-spring-tool-suite-4-4.10.0.RELEASE\frontCode)
2021-10-20 08:26:55.584 [main] DEBUG(StartupInfoLogger.java:56) - Running with Spring Boot v2.5.5, Spring v5.3.10
2021-10-20 08:26:55.585 [main] INFO (SpringApplication.java:659) - No active profile set, falling back to default profiles: default
2021-10-20 08:27:00.088 [main] DEBUG(LoggingFilter.java:24) - アプリケーション開始
2021-10-20 08:27:05.268 [main] INFO (StartupInfoLogger.java:61) - Started FrontCodeApplication in 10.268 seconds (JVM running for 12.018)
2021-10-20 08:27:12.794 [http-nio-8080-exec-1] DEBUG(LoggingFilter.java:32) - RequestURL : /
2021-10-20 08:27:14.056 [http-nio-8080-exec-2] DEBUG(LoggingFilter.java:32) - RequestURL : /sampleFile/src/sample19.html
2021-10-20 08:27:17.826 [http-nio-8080-exec-3] DEBUG(LoggingFilter.java:32) - RequestURL : /
2021-10-20 08:27:18.037 [http-nio-8080-exec-4] DEBUG(LoggingFilter.java:32) - RequestURL : /css/style.css
2021-10-20 08:27:18.038 [http-nio-8080-exec-5] DEBUG(LoggingFilter.java:32) - RequestURL : /js/jquery-3.5.1.min.js
2021-10-20 08:27:18.038 [http-nio-8080-exec-6] DEBUG(LoggingFilter.java:32) - RequestURL : /js/script.js
2021-10-20 08:27:18.154 [http-nio-8080-exec-7] DEBUG(LoggingFilter.java:32) - RequestURL : /images/home.png
2021-10-20 08:27:18.197 [http-nio-8080-exec-8] DEBUG(LoggingFilter.java:32) - RequestURL : /images/plus_icon.png
2021-10-20 08:27:18.251 [http-nio-8080-exec-2] DEBUG(LoggingFilter.java:32) - RequestURL : /images/download_icon.png
2021-10-20 08:27:18.251 [http-nio-8080-exec-1] DEBUG(LoggingFilter.java:32) - RequestURL : /images/check_icon.png
2021-10-20 08:27:18.264 [http-nio-8080-exec-10] DEBUG(LoggingFilter.java:32) - RequestURL : /images/click_icon.png
2021-10-20 08:27:18.264 [http-nio-8080-exec-9] DEBUG(LoggingFilter.java:32) - RequestURL : /images/arrow_right.png
2021-10-20 08:27:18.275 [http-nio-8080-exec-3] DEBUG(LoggingFilter.java:32) - RequestURL : /sampleFile/src/sample19.html
2021-10-20 08:27:18.541 [http-nio-8080-exec-4] DEBUG(LoggingFilter.java:32) - RequestURL : /favicon.ico
2021-10-20 08:27:21.584 [http-nio-8080-exec-6] DEBUG(LoggingFilter.java:32) - RequestURL : /
2021-10-20 08:27:21.769 [http-nio-8080-exec-7] DEBUG(LoggingFilter.java:32) - RequestURL : /js/jquery-3.5.1.min.js
2021-10-20 08:27:21.769 [http-nio-8080-exec-5] DEBUG(LoggingFilter.java:32) - RequestURL : /css/style.css
2021-10-20 08:27:21.787 [http-nio-8080-exec-8] DEBUG(LoggingFilter.java:32) - RequestURL : /js/script.js
2021-10-20 08:27:21.896 [http-nio-8080-exec-1] DEBUG(LoggingFilter.java:32) - RequestURL : /images/home.png
2021-10-20 08:27:21.902 [http-nio-8080-exec-2] DEBUG(LoggingFilter.java:32) - RequestURL : /images/plus_icon.png
2021-10-20 08:27:21.971 [http-nio-8080-exec-9] DEBUG(LoggingFilter.java:32) - RequestURL : /images/arrow_right.png
2021-10-20 08:27:21.976 [http-nio-8080-exec-10] DEBUG(LoggingFilter.java:32) - RequestURL : /images/click_icon.png
2021-10-20 08:27:21.986 [http-nio-8080-exec-3] DEBUG(LoggingFilter.java:32) - RequestURL : /images/check_icon.png
2021-10-20 08:27:21.990 [http-nio-8080-exec-4] DEBUG(LoggingFilter.java:32) - RequestURL : /images/download_icon.png
2021-10-20 08:27:22.002 [http-nio-8080-exec-6] DEBUG(LoggingFilter.java:32) - RequestURL : /sampleFile/src/sample19.html
2021-10-20 08:27:22.405 [http-nio-8080-exec-7] DEBUG(LoggingFilter.java:32) - RequestURL : /favicon.ico
2021-10-20 08:28:23.139 [RMI TCP Connection(5)-127.0.0.1] DEBUG(LoggingFilter.java:39) - アプリケーション終了
2021-10-20 08:28:45.794 [main] INFO (StartupInfoLogger.java:55) - Starting FrontCodeApplication using Java 11.0.11 on DESKTOP-9FLEN63 with PID 716 (C:\Users\inoke\Documents\workspace-spring-tool-suite-4-4.10.0.RELEASE\frontCode\target\classes started by inoke in C:\Users\inoke\Documents\workspace-spring-tool-suite-4-4.10.0.RELEASE\frontCode)
2021-10-20 08:28:45.800 [main] DEBUG(StartupInfoLogger.java:56) - Running with Spring Boot v2.5.5, Spring v5.3.10
2021-10-20 08:28:45.801 [main] INFO (SpringApplication.java:659) - No active profile set, falling back to default profiles: default
2021-10-20 08:28:48.851 [main] DEBUG(LoggingFilter.java:24) - アプリケーション開始
2021-10-20 08:28:53.663 [main] INFO (StartupInfoLogger.java:61) - Started FrontCodeApplication in 8.409 seconds (JVM running for 10.144)
2021-10-20 08:29:11.604 [http-nio-8080-exec-1] DEBUG(LoggingFilter.java:32) - RequestURL : /
2021-10-20 08:29:13.043 [http-nio-8080-exec-2] DEBUG(LoggingFilter.java:32) - RequestURL : /css/style.css
2021-10-20 08:29:13.249 [http-nio-8080-exec-3] DEBUG(LoggingFilter.java:32) - RequestURL : /sampleFile/src/sample19.html
2021-10-20 08:30:32.776 [RMI TCP Connection(5)-127.0.0.1] DEBUG(LoggingFilter.java:39) - アプリケーション終了
2021-10-20 08:30:42.875 [main] INFO (StartupInfoLogger.java:55) - Starting FrontCodeApplication using Java 11.0.11 on DESKTOP-9FLEN63 with PID 9388 (C:\Users\inoke\Documents\workspace-spring-tool-suite-4-4.10.0.RELEASE\frontCode\target\classes started by inoke in C:\Users\inoke\Documents\workspace-spring-tool-suite-4-4.10.0.RELEASE\frontCode)
2021-10-20 08:30:42.880 [main] DEBUG(StartupInfoLogger.java:56) - Running with Spring Boot v2.5.5, Spring v5.3.10
2021-10-20 08:30:42.880 [main] INFO (SpringApplication.java:659) - No active profile set, falling back to default profiles: default
2021-10-20 08:30:47.177 [main] DEBUG(LoggingFilter.java:24) - アプリケーション開始
2021-10-20 08:30:55.112 [main] INFO (StartupInfoLogger.java:61) - Started FrontCodeApplication in 13.052 seconds (JVM running for 15.427)
2021-10-20 08:31:20.628 [http-nio-8080-exec-1] DEBUG(LoggingFilter.java:32) - RequestURL : /
2021-10-20 08:31:22.578 [http-nio-8080-exec-2] DEBUG(LoggingFilter.java:32) - RequestURL : /css/style.css
2021-10-20 08:31:22.759 [http-nio-8080-exec-3] DEBUG(LoggingFilter.java:32) - RequestURL : /sampleFile/src/sample19.html
2021-10-20 08:31:34.011 [RMI TCP Connection(4)-127.0.0.1] DEBUG(LoggingFilter.java:39) - アプリケーション終了
2021-10-20 08:35:00.947 [main] INFO (StartupInfoLogger.java:55) - Starting FrontCodeApplication using Java 11.0.11 on DESKTOP-9FLEN63 with PID 13444 (C:\Users\inoke\Documents\workspace-spring-tool-suite-4-4.10.0.RELEASE\frontCode\target\classes started by inoke in C:\Users\inoke\Documents\workspace-spring-tool-suite-4-4.10.0.RELEASE\frontCode)
2021-10-20 08:35:00.952 [main] DEBUG(StartupInfoLogger.java:56) - Running with Spring Boot v2.5.5, Spring v5.3.10
2021-10-20 08:35:00.952 [main] INFO (SpringApplication.java:659) - No active profile set, falling back to default profiles: default
2021-10-20 08:35:03.941 [main] DEBUG(LoggingFilter.java:24) - アプリケーション開始
2021-10-20 08:35:09.028 [main] INFO (StartupInfoLogger.java:61) - Started FrontCodeApplication in 8.726 seconds (JVM running for 10.864)
2021-10-20 08:35:09.485 [http-nio-8080-exec-1] DEBUG(LoggingFilter.java:32) - RequestURL : /admin/
2021-10-20 08:35:10.807 [http-nio-8080-exec-2] DEBUG(LoggingFilter.java:32) - RequestURL : /css/style.css
2021-10-20 08:35:10.948 [http-nio-8080-exec-3] DEBUG(LoggingFilter.java:32) - RequestURL : /images/authorize.png
2021-10-20 08:35:11.008 [http-nio-8080-exec-4] DEBUG(LoggingFilter.java:32) - RequestURL : /images/list_icon.png
2021-10-20 08:35:12.519 [http-nio-8080-exec-5] DEBUG(LoggingFilter.java:32) - RequestURL : /unapprovedList
2021-10-20 08:35:15.102 [http-nio-8080-exec-6] DEBUG(LoggingFilter.java:32) - RequestURL : /admin
2021-10-20 08:35:15.223 [http-nio-8080-exec-7] DEBUG(LoggingFilter.java:32) - RequestURL : /css/style.css
2021-10-20 08:35:16.500 [http-nio-8080-exec-8] DEBUG(LoggingFilter.java:32) - RequestURL : /listView
2021-10-20 08:35:16.706 [http-nio-8080-exec-9] DEBUG(LoggingFilter.java:32) - RequestURL : /sampleFile/src/sample19.html
2021-10-20 08:35:21.422 [http-nio-8080-exec-10] DEBUG(LoggingFilter.java:32) - RequestURL : /admin
2021-10-20 08:35:21.505 [http-nio-8080-exec-1] DEBUG(LoggingFilter.java:32) - RequestURL : /css/style.css
2021-10-20 08:35:22.464 [http-nio-8080-exec-2] DEBUG(LoggingFilter.java:32) - RequestURL : /unapprovedList
2021-10-20 08:35:24.239 [http-nio-8080-exec-3] DEBUG(LoggingFilter.java:32) - RequestURL : /filter
2021-10-20 08:35:26.808 [http-nio-8080-exec-4] DEBUG(LoggingFilter.java:32) - RequestURL : /filter
2021-10-20 08:35:27.011 [http-nio-8080-exec-5] DEBUG(LoggingFilter.java:32) - RequestURL : /css/style.css
2021-10-20 08:35:27.267 [http-nio-8080-exec-6] DEBUG(LoggingFilter.java:32) - RequestURL : /filter
2021-10-20 08:35:27.866 [http-nio-8080-exec-7] DEBUG(LoggingFilter.java:32) - RequestURL : /filter
2021-10-20 08:35:29.127 [http-nio-8080-exec-8] DEBUG(LoggingFilter.java:32) - RequestURL : /admin
2021-10-20 08:35:30.678 [http-nio-8080-exec-9] DEBUG(LoggingFilter.java:32) - RequestURL : /listView
2021-10-20 08:35:32.626 [http-nio-8080-exec-10] DEBUG(LoggingFilter.java:32) - RequestURL : /listView
2021-10-20 08:35:32.698 [http-nio-8080-exec-1] DEBUG(LoggingFilter.java:32) - RequestURL : /css/style.css
2021-10-20 08:35:33.613 [http-nio-8080-exec-2] DEBUG(LoggingFilter.java:32) - RequestURL : /listView
2021-10-20 08:35:35.184 [http-nio-8080-exec-3] DEBUG(LoggingFilter.java:32) - RequestURL : /listView
2021-10-20 08:35:36.071 [http-nio-8080-exec-4] DEBUG(LoggingFilter.java:32) - RequestURL : /
2021-10-20 08:35:46.205 [http-nio-8080-exec-5] DEBUG(LoggingFilter.java:32) - RequestURL : /admin/
2021-10-20 08:35:46.291 [http-nio-8080-exec-6] DEBUG(LoggingFilter.java:32) - RequestURL : /css/style.css
2021-10-20 08:35:48.084 [http-nio-8080-exec-7] DEBUG(LoggingFilter.java:32) - RequestURL : /unapprovedList
2021-10-20 08:35:49.861 [http-nio-8080-exec-8] DEBUG(LoggingFilter.java:32) - RequestURL : /admin
2021-10-20 08:35:50.790 [http-nio-8080-exec-9] DEBUG(LoggingFilter.java:32) - RequestURL : /listView
2021-10-20 08:35:57.841 [http-nio-8080-exec-10] DEBUG(LoggingFilter.java:32) - RequestURL : /deleteView
2021-10-20 08:35:57.937 [http-nio-8080-exec-1] DEBUG(LoggingFilter.java:32) - RequestURL : /css/style.css
2021-10-20 08:35:58.764 [http-nio-8080-exec-2] DEBUG(LoggingFilter.java:32) - RequestURL : /deleteView
2021-10-20 08:35:59.532 [http-nio-8080-exec-3] DEBUG(LoggingFilter.java:32) - RequestURL : /deleteView
2021-10-20 08:36:00.104 [http-nio-8080-exec-4] DEBUG(LoggingFilter.java:32) - RequestURL : /deleteView
2021-10-20 08:36:01.131 [http-nio-8080-exec-5] DEBUG(LoggingFilter.java:32) - RequestURL : /deleteView
2021-10-20 08:36:02.023 [http-nio-8080-exec-6] DEBUG(LoggingFilter.java:32) - RequestURL : /deleteView
2021-10-20 08:36:04.667 [http-nio-8080-exec-7] DEBUG(LoggingFilter.java:32) - RequestURL : /manageDelete
2021-10-20 08:36:04.828 [http-nio-8080-exec-8] DEBUG(LoggingFilter.java:32) - RequestURL : /listView
2021-10-20 08:36:07.266 [http-nio-8080-exec-9] DEBUG(LoggingFilter.java:32) - RequestURL : /listView
2021-10-20 08:36:07.445 [http-nio-8080-exec-10] DEBUG(LoggingFilter.java:32) - RequestURL : /css/style.css
2021-10-20 08:47:09.003 [main] INFO (StartupInfoLogger.java:55) - Starting FrontCodeApplication using Java 15.0.2 on DESKTOP-9FLEN63 with PID 8724 (C:\Users\inoke\springproject\nakaiproject\frontCode\target\classes started by inoke in C:\Users\inoke\springproject\nakaiproject\frontCode)
2021-10-20 08:47:09.007 [main] DEBUG(StartupInfoLogger.java:56) - Running with Spring Boot v2.5.5, Spring v5.3.10
2021-10-20 08:47:09.007 [main] INFO (SpringApplication.java:659) - No active profile set, falling back to default profiles: default
2021-10-20 08:47:13.063 [main] DEBUG(LoggingFilter.java:24) - アプリケーション開始
2021-10-20 08:47:17.132 [main] INFO (StartupInfoLogger.java:61) - Started FrontCodeApplication in 8.606 seconds (JVM running for 10.291)
2021-10-20 08:48:38.259 [http-nio-8080-exec-1] DEBUG(LoggingFilter.java:32) - RequestURL : /
2021-10-20 08:48:39.760 [http-nio-8080-exec-2] DEBUG(LoggingFilter.java:32) - RequestURL : /css/style.css
2021-10-20 08:48:39.970 [http-nio-8080-exec-3] DEBUG(LoggingFilter.java:32) - RequestURL : /favicon.ico
2021-10-20 08:48:51.340 [RMI TCP Connection(9)-127.0.0.1] DEBUG(LoggingFilter.java:39) - アプリケーション終了
2021-10-20 20:52:26.274 [main] INFO (StartupInfoLogger.java:55) - Starting FrontCodeApplication using Java 15.0.2 on DESKTOP-9FLEN63 with PID 2456 (C:\Users\inoke\springproject\nakaiproject\frontCode\target\classes started by inoke in C:\Users\inoke\springproject\nakaiproject\frontCode)
2021-10-20 20:52:26.289 [main] DEBUG(StartupInfoLogger.java:56) - Running with Spring Boot v2.5.5, Spring v5.3.10
2021-10-20 20:52:26.289 [main] INFO (SpringApplication.java:659) - No active profile set, falling back to default profiles: default
2021-10-20 20:52:31.016 [main] DEBUG(LoggingFilter.java:24) - アプリケーション開始
2021-10-20 20:52:37.946 [main] INFO (StartupInfoLogger.java:61) - Started FrontCodeApplication in 12.584 seconds (JVM running for 28.008)
2021-10-20 20:52:38.234 [http-nio-8080-exec-1] DEBUG(LoggingFilter.java:32) - RequestURL : /
2021-10-20 20:52:40.314 [http-nio-8080-exec-2] DEBUG(LoggingFilter.java:32) - RequestURL : /css/style.css
2021-10-20 20:52:40.939 [http-nio-8080-exec-3] DEBUG(LoggingFilter.java:32) - RequestURL : /favicon.ico
2021-10-20 20:52:52.290 [http-nio-8080-exec-4] DEBUG(LoggingFilter.java:32) - RequestURL : /upload
2021-10-20 20:52:52.942 [http-nio-8080-exec-5] DEBUG(LoggingFilter.java:32) - RequestURL : /check;jsessionid=6AFAB0EAAC0F2EBABC5CBED5F06A61ED
2021-10-20 20:52:53.147 [http-nio-8080-exec-6] DEBUG(LoggingFilter.java:32) - RequestURL : /sampleFile/subsrc/sample20.html
2021-10-20 20:52:55.125 [http-nio-8080-exec-7] DEBUG(LoggingFilter.java:32) - RequestURL : /save
2021-10-20 20:52:55.502 [http-nio-8080-exec-8] DEBUG(LoggingFilter.java:32) - RequestURL : /comp
2021-10-20 20:52:56.645 [http-nio-8080-exec-9] DEBUG(LoggingFilter.java:32) - RequestURL : /
2021-10-20 20:53:23.989 [http-nio-8080-exec-10] DEBUG(LoggingFilter.java:32) - RequestURL : /listView
2021-10-20 20:53:24.095 [http-nio-8080-exec-1] DEBUG(LoggingFilter.java:32) - RequestURL : /images/setting_icon.png
2021-10-20 20:53:27.371 [http-nio-8080-exec-2] DEBUG(LoggingFilter.java:32) - RequestURL : /
2021-10-20 20:53:30.587 [http-nio-8080-exec-3] DEBUG(LoggingFilter.java:32) - RequestURL : /manageList
2021-10-20 20:53:43.467 [http-nio-8080-exec-6] DEBUG(LoggingFilter.java:32) - RequestURL : /unapprovedList
2021-10-20 20:53:44.970 [http-nio-8080-exec-7] DEBUG(LoggingFilter.java:32) - RequestURL : /manageDetail
2021-10-20 20:53:45.176 [http-nio-8080-exec-8] DEBUG(LoggingFilter.java:32) - RequestURL : /sampleFile/src/sample20.html
2021-10-20 20:53:47.401 [http-nio-8080-exec-9] DEBUG(LoggingFilter.java:32) - RequestURL : /regist
2021-10-20 20:53:47.468 [http-nio-8080-exec-10] DEBUG(LoggingFilter.java:32) - RequestURL : /unapprovedList
2021-10-20 20:53:50.438 [http-nio-8080-exec-1] DEBUG(LoggingFilter.java:32) - RequestURL : /admin
2021-10-20 20:53:51.787 [http-nio-8080-exec-2] DEBUG(LoggingFilter.java:32) - RequestURL : /listView
2021-10-20 20:53:51.906 [http-nio-8080-exec-3] DEBUG(LoggingFilter.java:32) - RequestURL : /sampleFile/src/sample20.html
2021-10-20 20:56:09.353 [RMI TCP Connection(6)-127.0.0.1] DEBUG(LoggingFilter.java:39) - アプリケーション終了
2021-10-20 20:56:16.319 [main] INFO (StartupInfoLogger.java:55) - Starting FrontCodeApplication using Java 15.0.2 on DESKTOP-9FLEN63 with PID 13584 (C:\Users\inoke\springproject\nakaiproject\frontCode\target\classes started by inoke in C:\Users\inoke\springproject\nakaiproject\frontCode)
2021-10-20 20:56:16.323 [main] DEBUG(StartupInfoLogger.java:56) - Running with Spring Boot v2.5.5, Spring v5.3.10
2021-10-20 20:56:16.324 [main] INFO (SpringApplication.java:659) - No active profile set, falling back to default profiles: default
2021-10-20 20:56:19.406 [main] DEBUG(LoggingFilter.java:24) - アプリケーション開始
2021-10-20 20:56:25.335 [main] INFO (StartupInfoLogger.java:61) - Started FrontCodeApplication in 9.486 seconds (JVM running for 11.13)
2021-10-20 20:56:25.477 [http-nio-8080-exec-1] DEBUG(LoggingFilter.java:32) - RequestURL : /
2021-10-20 20:56:26.918 [http-nio-8080-exec-2] DEBUG(LoggingFilter.java:32) - RequestURL : /sampleFile/src/sample20.html
2021-10-20 20:56:43.810 [http-nio-8080-exec-3] DEBUG(LoggingFilter.java:32) - RequestURL : /upload
2021-10-20 20:56:44.334 [http-nio-8080-exec-4] DEBUG(LoggingFilter.java:32) - RequestURL : /check
2021-10-20 20:56:44.576 [http-nio-8080-exec-5] DEBUG(LoggingFilter.java:32) - RequestURL : /sampleFile/subsrc/sample21.html
2021-10-20 20:56:48.115 [http-nio-8080-exec-6] DEBUG(LoggingFilter.java:32) - RequestURL : /save
2021-10-20 20:56:48.386 [http-nio-8080-exec-7] DEBUG(LoggingFilter.java:32) - RequestURL : /comp
2021-10-20 20:56:49.757 [http-nio-8080-exec-8] DEBUG(LoggingFilter.java:32) - RequestURL : /
2021-10-20 20:56:49.941 [http-nio-8080-exec-9] DEBUG(LoggingFilter.java:32) - RequestURL : /sampleFile/src/sample20.html
2021-10-20 20:56:58.168 [http-nio-8080-exec-10] DEBUG(LoggingFilter.java:32) - RequestURL : /unapprovedList
2021-10-20 20:56:59.942 [http-nio-8080-exec-1] DEBUG(LoggingFilter.java:32) - RequestURL : /manageDetail
2021-10-20 20:57:00.114 [http-nio-8080-exec-2] DEBUG(LoggingFilter.java:32) - RequestURL : /sampleFile/src/sample21.html
2021-10-20 20:57:01.561 [http-nio-8080-exec-3] DEBUG(LoggingFilter.java:32) - RequestURL : /regist
2021-10-20 20:57:01.615 [http-nio-8080-exec-4] DEBUG(LoggingFilter.java:32) - RequestURL : /unapprovedList
2021-10-20 20:57:02.977 [http-nio-8080-exec-5] DEBUG(LoggingFilter.java:32) - RequestURL : /admin
2021-10-20 20:57:04.330 [http-nio-8080-exec-6] DEBUG(LoggingFilter.java:32) - RequestURL : /listView
2021-10-20 20:57:04.430 [http-nio-8080-exec-7] DEBUG(LoggingFilter.java:32) - RequestURL : /sampleFile/src/sample21.html
2021-10-20 20:57:46.809 [RMI TCP Connection(4)-127.0.0.1] DEBUG(LoggingFilter.java:39) - アプリケーション終了
2021-10-20 20:57:56.243 [main] INFO (StartupInfoLogger.java:55) - Starting FrontCodeApplication using Java 15.0.2 on DESKTOP-9FLEN63 with PID 12844 (C:\Users\inoke\springproject\nakaiproject\frontCode\target\classes started by inoke in C:\Users\inoke\springproject\nakaiproject\frontCode)
2021-10-20 20:57:56.249 [main] DEBUG(StartupInfoLogger.java:56) - Running with Spring Boot v2.5.5, Spring v5.3.10
2021-10-20 20:57:56.250 [main] INFO (SpringApplication.java:659) - No active profile set, falling back to default profiles: default
2021-10-20 20:58:01.215 [main] DEBUG(LoggingFilter.java:24) - アプリケーション開始
2021-10-20 20:58:07.432 [main] INFO (StartupInfoLogger.java:61) - Started FrontCodeApplication in 12.195 seconds (JVM running for 15.037)
2021-10-20 20:58:26.483 [http-nio-8080-exec-1] DEBUG(LoggingFilter.java:32) - RequestURL : /
2021-10-20 20:58:28.209 [http-nio-8080-exec-2] DEBUG(LoggingFilter.java:32) - RequestURL : /sampleFile/src/sample20.html
2021-10-20 20:58:28.262 [http-nio-8080-exec-3] DEBUG(LoggingFilter.java:32) - RequestURL : /sampleFile/src/sample21.html
2021-10-20 20:58:32.047 [http-nio-8080-exec-4] DEBUG(LoggingFilter.java:32) - RequestURL : /sampleFile/zip/sample21.zip
2021-10-20 20:58:42.098 [http-nio-8080-exec-5] DEBUG(LoggingFilter.java:32) - RequestURL : /upload
2021-10-20 20:58:42.512 [http-nio-8080-exec-6] DEBUG(LoggingFilter.java:32) - RequestURL : /sampleFile/src/sample21.html
2021-10-20 20:58:46.223 [http-nio-8080-exec-7] DEBUG(LoggingFilter.java:32) - RequestURL : /upload
2021-10-20 20:58:46.731 [http-nio-8080-exec-8] DEBUG(LoggingFilter.java:32) - RequestURL : /check
2021-10-20 20:58:46.907 [http-nio-8080-exec-9] DEBUG(LoggingFilter.java:32) - RequestURL : /sampleFile/subsrc/sample22.html
2021-10-20 20:59:19.265 [http-nio-8080-exec-10] DEBUG(LoggingFilter.java:32) - RequestURL : /save
2021-10-20 20:59:19.539 [http-nio-8080-exec-1] DEBUG(LoggingFilter.java:32) - RequestURL : /comp
2021-10-20 20:59:20.773 [http-nio-8080-exec-2] DEBUG(LoggingFilter.java:32) - RequestURL : /
2021-10-20 20:59:21.006 [http-nio-8080-exec-3] DEBUG(LoggingFilter.java:32) - RequestURL : /sampleFile/src/sample20.html
2021-10-20 20:59:21.007 [http-nio-8080-exec-4] DEBUG(LoggingFilter.java:32) - RequestURL : /sampleFile/src/sample21.html
2021-10-20 20:59:29.731 [http-nio-8080-exec-5] DEBUG(LoggingFilter.java:32) - RequestURL : /unapprovedList
2021-10-20 20:59:31.100 [http-nio-8080-exec-6] DEBUG(LoggingFilter.java:32) - RequestURL : /manageDetail
2021-10-20 20:59:31.285 [http-nio-8080-exec-7] DEBUG(LoggingFilter.java:32) - RequestURL : /sampleFile/src/sample22.html
2021-10-20 20:59:32.813 [http-nio-8080-exec-8] DEBUG(LoggingFilter.java:32) - RequestURL : /regist
2021-10-20 20:59:32.869 [http-nio-8080-exec-9] DEBUG(LoggingFilter.java:32) - RequestURL : /unapprovedList
2021-10-20 20:59:34.425 [http-nio-8080-exec-10] DEBUG(LoggingFilter.java:32) - RequestURL : /admin
2021-10-20 20:59:35.552 [http-nio-8080-exec-1] DEBUG(LoggingFilter.java:32) - RequestURL : /listView
2021-10-20 20:59:40.213 [http-nio-8080-exec-2] DEBUG(LoggingFilter.java:32) - RequestURL : /listView
2021-10-20 21:03:50.254 [RMI TCP Connection(9)-127.0.0.1] DEBUG(LoggingFilter.java:39) - アプリケーション終了
2021-10-20 21:03:56.895 [main] INFO (StartupInfoLogger.java:55) - Starting FrontCodeApplication using Java 15.0.2 on DESKTOP-9FLEN63 with PID 15100 (C:\Users\inoke\springproject\nakaiproject\frontCode\target\classes started by inoke in C:\Users\inoke\springproject\nakaiproject\frontCode)
2021-10-20 21:03:56.901 [main] DEBUG(StartupInfoLogger.java:56) - Running with Spring Boot v2.5.5, Spring v5.3.10
2021-10-20 21:03:56.902 [main] INFO (SpringApplication.java:659) - No active profile set, falling back to default profiles: default
2021-10-20 21:03:59.958 [main] DEBUG(LoggingFilter.java:24) - アプリケーション開始
2021-10-20 21:04:03.405 [main] INFO (StartupInfoLogger.java:61) - Started FrontCodeApplication in 7.066 seconds (JVM running for 8.708)
2021-10-20 21:04:07.105 [http-nio-8080-exec-1] DEBUG(LoggingFilter.java:32) - RequestURL : /listView
2021-10-20 21:04:11.419 [http-nio-8080-exec-2] DEBUG(LoggingFilter.java:32) - RequestURL : /listView
2021-10-20 21:05:43.155 [RMI TCP Connection(6)-127.0.0.1] DEBUG(LoggingFilter.java:39) - アプリケーション終了
2021-10-20 21:05:49.988 [main] INFO (StartupInfoLogger.java:55) - Starting FrontCodeApplication using Java 15.0.2 on DESKTOP-9FLEN63 with PID 11196 (C:\Users\inoke\springproject\nakaiproject\frontCode\target\classes started by inoke in C:\Users\inoke\springproject\nakaiproject\frontCode)
2021-10-20 21:05:49.994 [main] DEBUG(StartupInfoLogger.java:56) - Running with Spring Boot v2.5.5, Spring v5.3.10
2021-10-20 21:05:49.994 [main] INFO (SpringApplication.java:659) - No active profile set, falling back to default profiles: default
2021-10-20 21:05:52.342 [main] DEBUG(LoggingFilter.java:24) - アプリケーション開始
2021-10-20 21:05:57.405 [main] INFO (StartupInfoLogger.java:61) - Started FrontCodeApplication in 8.111 seconds (JVM running for 9.678)
2021-10-20 21:05:57.554 [http-nio-8080-exec-1] DEBUG(LoggingFilter.java:32) - RequestURL : /listView
2021-10-20 21:06:02.811 [http-nio-8080-exec-2] DEBUG(LoggingFilter.java:32) - RequestURL : /unapprovedList
2021-10-20 21:06:04.355 [http-nio-8080-exec-3] DEBUG(LoggingFilter.java:32) - RequestURL : /admin
2021-10-20 21:06:06.010 [http-nio-8080-exec-4] DEBUG(LoggingFilter.java:32) - RequestURL : /unapprovedList
2021-10-20 21:06:07.223 [http-nio-8080-exec-5] DEBUG(LoggingFilter.java:32) - RequestURL : /admin
2021-10-20 21:06:07.931 [http-nio-8080-exec-6] DEBUG(LoggingFilter.java:32) - RequestURL : /listView
2021-10-20 21:07:49.142 [RMI TCP Connection(5)-127.0.0.1] DEBUG(LoggingFilter.java:39) - アプリケーション終了
2021-10-20 21:07:55.586 [main] INFO (StartupInfoLogger.java:55) - Starting FrontCodeApplication using Java 15.0.2 on DESKTOP-9FLEN63 with PID 5744 (C:\Users\inoke\springproject\nakaiproject\frontCode\target\classes started by inoke in C:\Users\inoke\springproject\nakaiproject\frontCode)
2021-10-20 21:07:55.590 [main] DEBUG(StartupInfoLogger.java:56) - Running with Spring Boot v2.5.5, Spring v5.3.10
2021-10-20 21:07:55.591 [main] INFO (SpringApplication.java:659) - No active profile set, falling back to default profiles: default
2021-10-20 21:07:57.979 [main] DEBUG(LoggingFilter.java:24) - アプリケーション開始
2021-10-20 21:08:01.077 [main] INFO (StartupInfoLogger.java:61) - Started FrontCodeApplication in 6.031 seconds (JVM running for 7.664)
2021-10-20 21:08:05.072 [http-nio-8080-exec-1] DEBUG(LoggingFilter.java:32) - RequestURL : /listView
2021-10-20 21:08:27.777 [RMI TCP Connection(2)-127.0.0.1] DEBUG(LoggingFilter.java:39) - アプリケーション終了
2021-10-20 21:08:34.445 [main] INFO (StartupInfoLogger.java:55) - Starting FrontCodeApplication using Java 15.0.2 on DESKTOP-9FLEN63 with PID 9580 (C:\Users\inoke\springproject\nakaiproject\frontCode\target\classes started by inoke in C:\Users\inoke\springproject\nakaiproject\frontCode)
2021-10-20 21:08:34.450 [main] DEBUG(StartupInfoLogger.java:56) - Running with Spring Boot v2.5.5, Spring v5.3.10
2021-10-20 21:08:34.450 [main] INFO (SpringApplication.java:659) - No active profile set, falling back to default profiles: default
2021-10-20 21:08:37.289 [main] DEBUG(LoggingFilter.java:24) - アプリケーション開始
2021-10-20 21:08:42.195 [main] INFO (StartupInfoLogger.java:61) - Started FrontCodeApplication in 8.384 seconds (JVM running for 9.92)
2021-10-20 21:08:42.434 [http-nio-8080-exec-1] DEBUG(LoggingFilter.java:32) - RequestURL : /listView
2021-10-20 21:08:43.823 [http-nio-8080-exec-2] DEBUG(LoggingFilter.java:32) - RequestURL : /sampleFile/src/sample20.html
2021-10-20 21:08:43.877 [http-nio-8080-exec-3] DEBUG(LoggingFilter.java:32) - RequestURL : /sampleFile/src/sample21.html
2021-10-20 21:08:43.889 [http-nio-8080-exec-4] DEBUG(LoggingFilter.java:32) - RequestURL : /sampleFile/src/sample22.html
2021-10-20 21:08:50.466 [http-nio-8080-exec-5] DEBUG(LoggingFilter.java:32) - RequestURL : /admin
2021-10-20 21:08:51.610 [http-nio-8080-exec-6] DEBUG(LoggingFilter.java:32) - RequestURL : /listView
2021-10-20 21:09:04.212 [RMI TCP Connection(4)-127.0.0.1] DEBUG(LoggingFilter.java:39) - アプリケーション終了
2021-10-20 21:09:12.073 [main] INFO (StartupInfoLogger.java:55) - Starting FrontCodeApplication using Java 15.0.2 on DESKTOP-9FLEN63 with PID 7936 (C:\Users\inoke\springproject\nakaiproject\frontCode\target\classes started by inoke in C:\Users\inoke\springproject\nakaiproject\frontCode)
2021-10-20 21:09:12.077 [main] DEBUG(StartupInfoLogger.java:56) - Running with Spring Boot v2.5.5, Spring v5.3.10
2021-10-20 21:09:12.078 [main] INFO (SpringApplication.java:659) - No active profile set, falling back to default profiles: default
2021-10-20 21:09:14.434 [main] DEBUG(LoggingFilter.java:24) - アプリケーション開始
2021-10-20 21:09:17.813 [main] INFO (StartupInfoLogger.java:61) - Started FrontCodeApplication in 6.437 seconds (JVM running for 8.152)
2021-10-20 21:09:19.861 [http-nio-8080-exec-1] DEBUG(LoggingFilter.java:32) - RequestURL : /listView
2021-10-20 21:10:57.464 [RMI TCP Connection(5)-127.0.0.1] DEBUG(LoggingFilter.java:39) - アプリケーション終了
2021-10-20 21:11:03.527 [main] INFO (StartupInfoLogger.java:55) - Starting FrontCodeApplication using Java 15.0.2 on DESKTOP-9FLEN63 with PID 1480 (C:\Users\inoke\springproject\nakaiproject\frontCode\target\classes started by inoke in C:\Users\inoke\springproject\nakaiproject\frontCode)
2021-10-20 21:11:03.531 [main] DEBUG(StartupInfoLogger.java:56) - Running with Spring Boot v2.5.5, Spring v5.3.10
2021-10-20 21:11:03.532 [main] INFO (SpringApplication.java:659) - No active profile set, falling back to default profiles: default
2021-10-20 21:11:05.873 [main] DEBUG(LoggingFilter.java:24) - アプリケーション開始
2021-10-20 21:11:08.830 [main] INFO (StartupInfoLogger.java:61) - Started FrontCodeApplication in 5.758 seconds (JVM running for 7.116)
2021-10-20 21:11:10.827 [http-nio-8080-exec-1] DEBUG(LoggingFilter.java:32) - RequestURL : /listView
2021-10-20 21:11:15.480 [http-nio-8080-exec-2] DEBUG(LoggingFilter.java:32) - RequestURL : /listView
2021-10-20 21:11:15.690 [http-nio-8080-exec-3] DEBUG(LoggingFilter.java:32) - RequestURL : /css/style.css
2021-10-20 21:11:15.943 [http-nio-8080-exec-4] DEBUG(LoggingFilter.java:32) - RequestURL : /favicon.ico
2021-10-20 21:11:36.011 [RMI TCP Connection(4)-127.0.0.1] DEBUG(LoggingFilter.java:39) - アプリケーション終了
2021-10-20 21:13:07.252 [main] INFO (StartupInfoLogger.java:55) - Starting FrontCodeApplication using Java 15.0.2 on DESKTOP-9FLEN63 with PID 1068 (C:\Users\inoke\springproject\nakaiproject\frontCode\target\classes started by inoke in C:\Users\inoke\springproject\nakaiproject\frontCode)
2021-10-20 21:13:07.257 [main] DEBUG(StartupInfoLogger.java:56) - Running with Spring Boot v2.5.5, Spring v5.3.10
2021-10-20 21:13:07.257 [main] INFO (SpringApplication.java:659) - No active profile set, falling back to default profiles: default
2021-10-20 21:13:09.460 [main] DEBUG(LoggingFilter.java:24) - アプリケーション開始
2021-10-20 21:13:12.379 [main] INFO (StartupInfoLogger.java:61) - Started FrontCodeApplication in 5.626 seconds (JVM running for 7.43)
2021-10-20 21:13:43.400 [RMI TCP Connection(4)-127.0.0.1] DEBUG(LoggingFilter.java:39) - アプリケーション終了
2021-10-20 21:13:49.378 [main] INFO (StartupInfoLogger.java:55) - Starting FrontCodeApplication using Java 15.0.2 on DESKTOP-9FLEN63 with PID 3168 (C:\Users\inoke\springproject\nakaiproject\frontCode\target\classes started by inoke in C:\Users\inoke\springproject\nakaiproject\frontCode)
2021-10-20 21:13:49.384 [main] DEBUG(StartupInfoLogger.java:56) - Running with Spring Boot v2.5.5, Spring v5.3.10
2021-10-20 21:13:49.384 [main] INFO (SpringApplication.java:659) - No active profile set, falling back to default profiles: default
2021-10-20 21:13:51.586 [main] DEBUG(LoggingFilter.java:24) - アプリケーション開始
2021-10-20 21:13:56.262 [main] INFO (StartupInfoLogger.java:61) - Started FrontCodeApplication in 7.31 seconds (JVM running for 8.623)
2021-10-20 21:13:56.400 [http-nio-8080-exec-1] DEBUG(LoggingFilter.java:32) - RequestURL : /listView
2021-10-20 21:13:57.684 [http-nio-8080-exec-2] DEBUG(LoggingFilter.java:32) - RequestURL : /css/style.css
2021-10-20 21:13:57.861 [http-nio-8080-exec-3] DEBUG(LoggingFilter.java:32) - RequestURL : /sampleFile/src/sample20.html
2021-10-20 21:13:57.862 [http-nio-8080-exec-4] DEBUG(LoggingFilter.java:32) - RequestURL : /sampleFile/src/sample22.html
2021-10-20 21:13:57.872 [http-nio-8080-exec-5] DEBUG(LoggingFilter.java:32) - RequestURL : /sampleFile/src/sample21.html
2021-10-20 21:15:12.226 [RMI TCP Connection(5)-127.0.0.1] DEBUG(LoggingFilter.java:39) - アプリケーション終了
2021-10-20 21:15:20.079 [main] INFO (StartupInfoLogger.java:55) - Starting FrontCodeApplication using Java 15.0.2 on DESKTOP-9FLEN63 with PID 5276 (C:\Users\inoke\springproject\nakaiproject\frontCode\target\classes started by inoke in C:\Users\inoke\springproject\nakaiproject\frontCode)
2021-10-20 21:15:20.085 [main] DEBUG(StartupInfoLogger.java:56) - Running with Spring Boot v2.5.5, Spring v5.3.10
2021-10-20 21:15:20.085 [main] INFO (SpringApplication.java:659) - No active profile set, falling back to default profiles: default
2021-10-20 21:15:23.156 [main] DEBUG(LoggingFilter.java:24) - アプリケーション開始
2021-10-20 21:15:26.973 [main] INFO (StartupInfoLogger.java:61) - Started FrontCodeApplication in 7.432 seconds (JVM running for 9.206)
2021-10-20 21:16:00.898 [http-nio-8080-exec-1] DEBUG(LoggingFilter.java:32) - RequestURL : /listView
2021-10-20 21:16:02.087 [http-nio-8080-exec-2] DEBUG(LoggingFilter.java:32) - RequestURL : /css/style.css
2021-10-20 21:16:02.203 [http-nio-8080-exec-3] DEBUG(LoggingFilter.java:32) - RequestURL : /sampleFile/src/sample21.html
2021-10-20 21:16:02.214 [http-nio-8080-exec-4] DEBUG(LoggingFilter.java:32) - RequestURL : /sampleFile/src/sample22.html
2021-10-20 21:20:10.984 [RMI TCP Connection(7)-127.0.0.1] DEBUG(LoggingFilter.java:39) - アプリケーション終了
2021-10-20 21:20:17.985 [main] INFO (StartupInfoLogger.java:55) - Starting FrontCodeApplication using Java 15.0.2 on DESKTOP-9FLEN63 with PID 6564 (C:\Users\inoke\springproject\nakaiproject\frontCode\target\classes started by inoke in C:\Users\inoke\springproject\nakaiproject\frontCode)
2021-10-20 21:20:17.990 [main] DEBUG(StartupInfoLogger.java:56) - Running with Spring Boot v2.5.5, Spring v5.3.10
2021-10-20 21:20:17.991 [main] INFO (SpringApplication.java:659) - No active profile set, falling back to default profiles: default
2021-10-20 21:20:21.827 [main] DEBUG(LoggingFilter.java:24) - アプリケーション開始
2021-10-20 21:20:27.264 [main] INFO (StartupInfoLogger.java:61) - Started FrontCodeApplication in 9.982 seconds (JVM running for 11.734)
2021-10-20 21:20:34.462 [http-nio-8080-exec-1] DEBUG(LoggingFilter.java:32) - RequestURL : /
2021-10-20 21:20:35.269 [http-nio-8080-exec-2] DEBUG(LoggingFilter.java:32) - RequestURL : /css/style.css
2021-10-20 21:20:35.414 [http-nio-8080-exec-3] DEBUG(LoggingFilter.java:32) - RequestURL : /sampleFile/src/sample20.html
2021-10-20 21:20:35.416 [http-nio-8080-exec-4] DEBUG(LoggingFilter.java:32) - RequestURL : /sampleFile/src/sample21.html
2021-10-20 21:20:35.426 [http-nio-8080-exec-5] DEBUG(LoggingFilter.java:32) - RequestURL : /sampleFile/src/sample22.html
2021-10-20 21:20:41.866 [http-nio-8080-exec-6] DEBUG(LoggingFilter.java:32) - RequestURL : /unapprovedList
2021-10-20 21:20:43.590 [http-nio-8080-exec-7] DEBUG(LoggingFilter.java:32) - RequestURL : /admin
2021-10-20 21:20:44.976 [http-nio-8080-exec-8] DEBUG(LoggingFilter.java:32) - RequestURL : /listView
2021-10-20 21:20:47.069 [http-nio-8080-exec-9] DEBUG(LoggingFilter.java:32) - RequestURL : /deleteView/20
2021-10-20 21:20:54.160 [http-nio-8080-exec-10] DEBUG(LoggingFilter.java:32) - RequestURL : /manageDelete
2021-10-20 21:20:54.345 [http-nio-8080-exec-1] DEBUG(LoggingFilter.java:32) - RequestURL : /listView
2021-10-20 21:20:57.801 [http-nio-8080-exec-2] DEBUG(LoggingFilter.java:32) - RequestURL : /admin
2021-10-20 21:20:58.950 [http-nio-8080-exec-4] DEBUG(LoggingFilter.java:32) - RequestURL : /listView
2021-10-20 21:21:02.956 [http-nio-8080-exec-3] DEBUG(LoggingFilter.java:32) - RequestURL : /deleteView/21
2021-10-20 21:21:05.026 [http-nio-8080-exec-5] DEBUG(LoggingFilter.java:32) - RequestURL : /listView
2021-10-20 21:21:08.873 [http-nio-8080-exec-6] DEBUG(LoggingFilter.java:32) - RequestURL : /deleteView/21
2021-10-20 21:21:10.305 [http-nio-8080-exec-7] DEBUG(LoggingFilter.java:32) - RequestURL : /manageDelete
2021-10-20 21:21:10.465 [http-nio-8080-exec-8] DEBUG(LoggingFilter.java:32) - RequestURL : /listView
2021-10-20 21:21:12.340 [http-nio-8080-exec-9] DEBUG(LoggingFilter.java:32) - RequestURL : /deleteView/22
2021-10-20 21:21:13.567 [http-nio-8080-exec-10] DEBUG(LoggingFilter.java:32) - RequestURL : /manageDelete
2021-10-20 21:21:13.612 [http-nio-8080-exec-1] DEBUG(LoggingFilter.java:32) - RequestURL : /listView
2021-10-20 21:22:47.475 [RMI TCP Connection(6)-127.0.0.1] DEBUG(LoggingFilter.java:39) - アプリケーション終了
2021-10-20 21:22:55.483 [main] INFO (StartupInfoLogger.java:55) - Starting FrontCodeApplication using Java 15.0.2 on DESKTOP-9FLEN63 with PID 9852 (C:\Users\inoke\springproject\nakaiproject\frontCode\target\classes started by inoke in C:\Users\inoke\springproject\nakaiproject\frontCode)
2021-10-20 21:22:55.488 [main] DEBUG(StartupInfoLogger.java:56) - Running with Spring Boot v2.5.5, Spring v5.3.10
2021-10-20 21:22:55.488 [main] INFO (SpringApplication.java:659) - No active profile set, falling back to default profiles: default
2021-10-20 21:22:58.473 [main] DEBUG(LoggingFilter.java:24) - アプリケーション開始
2021-10-20 21:23:04.312 [main] INFO (StartupInfoLogger.java:61) - Started FrontCodeApplication in 9.549 seconds (JVM running for 11.351)
2021-10-20 21:23:04.503 [http-nio-8080-exec-1] DEBUG(LoggingFilter.java:32) - RequestURL : /listView
2021-10-20 21:23:05.993 [http-nio-8080-exec-2] DEBUG(LoggingFilter.java:32) - RequestURL : /css/style.css
2021-10-20 21:23:08.047 [http-nio-8080-exec-3] DEBUG(LoggingFilter.java:32) - RequestURL : /
2021-10-20 21:23:16.913 [http-nio-8080-exec-4] DEBUG(LoggingFilter.java:32) - RequestURL : /upload
2021-10-20 21:23:17.390 [http-nio-8080-exec-5] DEBUG(LoggingFilter.java:32) - RequestURL : /check
2021-10-20 21:23:17.555 [http-nio-8080-exec-6] DEBUG(LoggingFilter.java:32) - RequestURL : /sampleFile/subsrc/sample23.html
2021-10-20 21:23:19.604 [http-nio-8080-exec-7] DEBUG(LoggingFilter.java:32) - RequestURL : /save
2021-10-20 21:23:19.907 [http-nio-8080-exec-8] DEBUG(LoggingFilter.java:32) - RequestURL : /comp
2021-10-20 21:23:20.998 [http-nio-8080-exec-9] DEBUG(LoggingFilter.java:32) - RequestURL : /
2021-10-20 21:23:24.826 [http-nio-8080-exec-10] DEBUG(LoggingFilter.java:32) - RequestURL : /admin/
2021-10-20 21:23:27.541 [http-nio-8080-exec-1] DEBUG(LoggingFilter.java:32) - RequestURL : /unapprovedList
2021-10-20 21:23:29.119 [http-nio-8080-exec-2] DEBUG(LoggingFilter.java:32) - RequestURL : /manageDetail
2021-10-20 21:23:29.231 [http-nio-8080-exec-3] DEBUG(LoggingFilter.java:32) - RequestURL : /sampleFile/src/sample23.html
2021-10-20 21:23:30.727 [http-nio-8080-exec-4] DEBUG(LoggingFilter.java:32) - RequestURL : /regist
2021-10-20 21:23:30.785 [http-nio-8080-exec-5] DEBUG(LoggingFilter.java:32) - RequestURL : /unapprovedList
2021-10-20 21:23:32.234 [http-nio-8080-exec-6] DEBUG(LoggingFilter.java:32) - RequestURL : /admin
2021-10-20 21:23:33.752 [http-nio-8080-exec-7] DEBUG(LoggingFilter.java:32) - RequestURL : /listView
2021-10-20 21:23:33.870 [http-nio-8080-exec-8] DEBUG(LoggingFilter.java:32) - RequestURL : /sampleFile/src/sample23.html
2021-10-20 21:23:35.962 [http-nio-8080-exec-9] DEBUG(LoggingFilter.java:32) - RequestURL : /deleteView/23
2021-10-20 21:25:08.245 [RMI TCP Connection(5)-127.0.0.1] DEBUG(LoggingFilter.java:39) - アプリケーション終了
2021-10-20 21:25:15.099 [main] INFO (StartupInfoLogger.java:55) - Starting FrontCodeApplication using Java 15.0.2 on DESKTOP-9FLEN63 with PID 8388 (C:\Users\inoke\springproject\nakaiproject\frontCode\target\classes started by inoke in C:\Users\inoke\springproject\nakaiproject\frontCode)
2021-10-20 21:25:15.104 [main] DEBUG(StartupInfoLogger.java:56) - Running with Spring Boot v2.5.5, Spring v5.3.10
2021-10-20 21:25:15.105 [main] INFO (SpringApplication.java:659) - No active profile set, falling back to default profiles: default
2021-10-20 21:25:18.952 [main] DEBUG(LoggingFilter.java:24) - アプリケーション開始
2021-10-20 21:25:23.182 [main] INFO (StartupInfoLogger.java:61) - Started FrontCodeApplication in 8.636 seconds (JVM running for 10.191)
2021-10-20 21:30:00.449 [RMI TCP Connection(8)-127.0.0.1] DEBUG(LoggingFilter.java:39) - アプリケーション終了
2021-10-20 21:30:09.029 [main] INFO (StartupInfoLogger.java:55) - Starting FrontCodeApplication using Java 15.0.2 on DESKTOP-9FLEN63 with PID 5732 (C:\Users\inoke\springproject\nakaiproject\frontCode\target\classes started by inoke in C:\Users\inoke\springproject\nakaiproject\frontCode)
2021-10-20 21:30:09.037 [main] DEBUG(StartupInfoLogger.java:56) - Running with Spring Boot v2.5.5, Spring v5.3.10
2021-10-20 21:30:09.037 [main] INFO (SpringApplication.java:659) - No active profile set, falling back to default profiles: default
2021-10-20 21:30:11.761 [main] DEBUG(LoggingFilter.java:24) - アプリケーション開始
2021-10-20 21:30:16.801 [main] INFO (StartupInfoLogger.java:61) - Started FrontCodeApplication in 8.509 seconds (JVM running for 10.786)
2021-10-20 21:30:19.904 [http-nio-8080-exec-1] DEBUG(LoggingFilter.java:32) - RequestURL : /
2021-10-20 21:30:21.700 [http-nio-8080-exec-2] DEBUG(LoggingFilter.java:32) - RequestURL : /css/style.css
2021-10-20 21:30:21.869 [http-nio-8080-exec-3] DEBUG(LoggingFilter.java:32) - RequestURL : /sampleFile/src/sample23.html
2021-10-20 21:30:29.997 [http-nio-8080-exec-4] DEBUG(LoggingFilter.java:32) - RequestURL : /upload
2021-10-20 21:30:30.638 [http-nio-8080-exec-5] DEBUG(LoggingFilter.java:32) - RequestURL : /check
2021-10-20 21:30:30.753 [http-nio-8080-exec-6] DEBUG(LoggingFilter.java:32) - RequestURL : /css/style.css
2021-10-20 21:30:30.848 [http-nio-8080-exec-7] DEBUG(LoggingFilter.java:32) - RequestURL : /sampleFile/subsrc/sample24.html
2021-10-20 21:30:32.831 [http-nio-8080-exec-8] DEBUG(LoggingFilter.java:32) - RequestURL : /save
2021-10-20 21:30:33.128 [http-nio-8080-exec-9] DEBUG(LoggingFilter.java:32) - RequestURL : /comp
2021-10-20 21:30:33.253 [http-nio-8080-exec-10] DEBUG(LoggingFilter.java:32) - RequestURL : /css/style.css
2021-10-20 21:30:34.168 [http-nio-8080-exec-1] DEBUG(LoggingFilter.java:32) - RequestURL : /
2021-10-20 21:30:36.684 [http-nio-8080-exec-2] DEBUG(LoggingFilter.java:32) - RequestURL : /admin/
2021-10-20 21:30:36.839 [http-nio-8080-exec-3] DEBUG(LoggingFilter.java:32) - RequestURL : /css/style.css
2021-10-20 21:30:37.348 [http-nio-8080-exec-4] DEBUG(LoggingFilter.java:32) - RequestURL : /css/style.css
2021-10-20 21:30:38.871 [http-nio-8080-exec-5] DEBUG(LoggingFilter.java:32) - RequestURL : /unapprovedList
2021-10-20 21:30:39.785 [http-nio-8080-exec-6] DEBUG(LoggingFilter.java:32) - RequestURL : /manageDetail
2021-10-20 21:30:39.897 [http-nio-8080-exec-7] DEBUG(LoggingFilter.java:32) - RequestURL : /css/style.css
2021-10-20 21:30:39.922 [http-nio-8080-exec-8] DEBUG(LoggingFilter.java:32) - RequestURL : /sampleFile/src/sample24.html
2021-10-20 21:30:41.920 [http-nio-8080-exec-9] DEBUG(LoggingFilter.java:32) - RequestURL : /regist
2021-10-20 21:30:41.957 [http-nio-8080-exec-10] DEBUG(LoggingFilter.java:32) - RequestURL : /unapprovedList
2021-10-20 21:30:42.021 [http-nio-8080-exec-1] DEBUG(LoggingFilter.java:32) - RequestURL : /css/style.css
2021-10-20 21:30:43.462 [http-nio-8080-exec-2] DEBUG(LoggingFilter.java:32) - RequestURL : /admin
2021-10-20 21:30:44.745 [http-nio-8080-exec-3] DEBUG(LoggingFilter.java:32) - RequestURL : /listView
2021-10-20 21:30:44.875 [http-nio-8080-exec-4] DEBUG(LoggingFilter.java:32) - RequestURL : /sampleFile/src/sample24.html
2021-10-20 21:30:47.469 [http-nio-8080-exec-5] DEBUG(LoggingFilter.java:32) - RequestURL : /deleteView/24
2021-10-20 21:30:47.573 [http-nio-8080-exec-6] DEBUG(LoggingFilter.java:32) - RequestURL : /css/style.css
2021-10-20 21:30:50.824 [http-nio-8080-exec-7] DEBUG(LoggingFilter.java:32) - RequestURL : /listView
2021-10-20 21:30:50.964 [http-nio-8080-exec-8] DEBUG(LoggingFilter.java:32) - RequestURL : /sampleFile/src/sample24.html
2021-10-20 21:30:52.440 [http-nio-8080-exec-9] DEBUG(LoggingFilter.java:32) - RequestURL : /deleteView/23
2021-10-20 21:30:52.609 [http-nio-8080-exec-10] DEBUG(LoggingFilter.java:32) - RequestURL : /css/style.css
2021-10-20 21:30:53.591 [http-nio-8080-exec-1] DEBUG(LoggingFilter.java:32) - RequestURL : /listView
2021-10-20 21:30:53.705 [http-nio-8080-exec-2] DEBUG(LoggingFilter.java:32) - RequestURL : /sampleFile/src/sample24.html
2021-10-20 21:30:55.232 [http-nio-8080-exec-3] DEBUG(LoggingFilter.java:32) - RequestURL : /deleteView/23
2021-10-20 21:30:56.765 [http-nio-8080-exec-4] DEBUG(LoggingFilter.java:32) - RequestURL : /manageDelete
2021-10-20 21:30:56.926 [http-nio-8080-exec-5] DEBUG(LoggingFilter.java:32) - RequestURL : /listView
2021-10-20 21:30:57.072 [http-nio-8080-exec-6] DEBUG(LoggingFilter.java:32) - RequestURL : /sampleFile/src/sample24.html
2021-10-20 21:30:59.122 [http-nio-8080-exec-7] DEBUG(LoggingFilter.java:32) - RequestURL : /deleteView/24
2021-10-20 21:30:59.209 [http-nio-8080-exec-8] DEBUG(LoggingFilter.java:32) - RequestURL : /css/style.css
2021-10-20 21:31:02.401 [http-nio-8080-exec-9] DEBUG(LoggingFilter.java:32) - RequestURL : /manageDelete
2021-10-20 21:31:02.464 [http-nio-8080-exec-10] DEBUG(LoggingFilter.java:32) - RequestURL : /listView
2021-10-20 21:31:04.336 [http-nio-8080-exec-1] DEBUG(LoggingFilter.java:32) - RequestURL : /
2021-10-20 21:38:32.833 [RMI TCP Connection(12)-127.0.0.1] DEBUG(LoggingFilter.java:39) - アプリケーション終了
2021-10-20 21:39:44.188 [main] INFO (StartupInfoLogger.java:55) - Starting FrontCodeApplication using Java 15.0.2 on DESKTOP-9FLEN63 with PID 9400 (C:\Users\inoke\springproject\nakaiproject\frontCode\target\classes started by inoke in C:\Users\inoke\springproject\nakaiproject\frontCode)
2021-10-20 21:39:44.194 [main] DEBUG(StartupInfoLogger.java:56) - Running with Spring Boot v2.5.5, Spring v5.3.10
2021-10-20 21:39:44.194 [main] INFO (SpringApplication.java:659) - No active profile set, falling back to default profiles: default
2021-10-20 21:39:46.870 [main] DEBUG(LoggingFilter.java:24) - アプリケーション開始
2021-10-20 21:39:50.315 [main] INFO (StartupInfoLogger.java:61) - Started FrontCodeApplication in 6.848 seconds (JVM running for 8.471)
2021-10-20 21:39:56.499 [http-nio-8080-exec-1] DEBUG(LoggingFilter.java:32) - RequestURL : /
2021-10-20 21:39:58.022 [http-nio-8080-exec-2] DEBUG(LoggingFilter.java:32) - RequestURL : /css/style.css
2021-10-20 21:40:05.710 [http-nio-8080-exec-3] DEBUG(LoggingFilter.java:32) - RequestURL : /upload
2021-10-20 21:40:06.351 [http-nio-8080-exec-4] DEBUG(LoggingFilter.java:32) - RequestURL : /check
2021-10-20 21:40:06.530 [http-nio-8080-exec-5] DEBUG(LoggingFilter.java:32) - RequestURL : /sampleFile/subsrc/sample25.html
2021-10-20 21:40:09.005 [http-nio-8080-exec-6] DEBUG(LoggingFilter.java:32) - RequestURL : /save
2021-10-20 21:40:09.395 [http-nio-8080-exec-7] DEBUG(LoggingFilter.java:32) - RequestURL : /comp
2021-10-20 21:40:11.901 [http-nio-8080-exec-8] DEBUG(LoggingFilter.java:32) - RequestURL : /
2021-10-20 21:40:14.809 [http-nio-8080-exec-9] DEBUG(LoggingFilter.java:32) - RequestURL : /unapprovedList
2021-10-20 21:40:18.324 [http-nio-8080-exec-10] DEBUG(LoggingFilter.java:32) - RequestURL : /filter
2021-10-20 21:40:19.608 [http-nio-8080-exec-1] DEBUG(LoggingFilter.java:32) - RequestURL : /manageDetail/25
2021-10-20 21:40:25.077 [http-nio-8080-exec-2] DEBUG(LoggingFilter.java:32) - RequestURL : /manageDetail/25
2021-10-20 21:42:20.638 [RMI TCP Connection(6)-127.0.0.1] DEBUG(LoggingFilter.java:39) - アプリケーション終了
2021-10-20 21:42:28.411 [main] INFO (StartupInfoLogger.java:55) - Starting FrontCodeApplication using Java 15.0.2 on DESKTOP-9FLEN63 with PID 2796 (C:\Users\inoke\springproject\nakaiproject\frontCode\target\classes started by inoke in C:\Users\inoke\springproject\nakaiproject\frontCode)
2021-10-20 21:42:28.417 [main] DEBUG(StartupInfoLogger.java:56) - Running with Spring Boot v2.5.5, Spring v5.3.10
2021-10-20 21:42:28.418 [main] INFO (SpringApplication.java:659) - No active profile set, falling back to default profiles: default
2021-10-20 21:42:31.276 [main] DEBUG(LoggingFilter.java:24) - アプリケーション開始
2021-10-20 21:42:35.036 [main] INFO (StartupInfoLogger.java:61) - Started FrontCodeApplication in 7.203 seconds (JVM running for 8.767)
2021-10-20 21:43:05.813 [RMI TCP Connection(4)-127.0.0.1] DEBUG(LoggingFilter.java:39) - アプリケーション終了
2021-10-20 21:43:12.247 [main] INFO (StartupInfoLogger.java:55) - Starting FrontCodeApplication using Java 15.0.2 on DESKTOP-9FLEN63 with PID 18160 (C:\Users\inoke\springproject\nakaiproject\frontCode\target\classes started by inoke in C:\Users\inoke\springproject\nakaiproject\frontCode)
2021-10-20 21:43:12.252 [main] DEBUG(StartupInfoLogger.java:56) - Running with Spring Boot v2.5.5, Spring v5.3.10
2021-10-20 21:43:12.253 [main] INFO (SpringApplication.java:659) - No active profile set, falling back to default profiles: default
2021-10-20 21:43:14.500 [main] DEBUG(LoggingFilter.java:24) - アプリケーション開始
2021-10-20 21:43:17.777 [main] INFO (StartupInfoLogger.java:61) - Started FrontCodeApplication in 6.192 seconds (JVM running for 7.567)
2021-10-20 21:43:21.678 [http-nio-8080-exec-1] DEBUG(LoggingFilter.java:32) - RequestURL : /
2021-10-20 21:43:23.205 [http-nio-8080-exec-2] DEBUG(LoggingFilter.java:32) - RequestURL : /css/style.css
2021-10-20 21:43:25.873 [http-nio-8080-exec-3] DEBUG(LoggingFilter.java:32) - RequestURL : /admin/
2021-10-20 21:43:26.022 [http-nio-8080-exec-4] DEBUG(LoggingFilter.java:32) - RequestURL : /css/style.css
2021-10-20 21:43:26.581 [http-nio-8080-exec-5] DEBUG(LoggingFilter.java:32) - RequestURL : /css/style.css
2021-10-20 21:43:27.789 [http-nio-8080-exec-6] DEBUG(LoggingFilter.java:32) - RequestURL : /unapprovedList
2021-10-20 21:43:27.941 [http-nio-8080-exec-7] DEBUG(LoggingFilter.java:32) - RequestURL : /css/style.css
2021-10-20 21:43:30.791 [http-nio-8080-exec-8] DEBUG(LoggingFilter.java:32) - RequestURL : /manageDetail/25
2021-10-20 21:43:30.969 [http-nio-8080-exec-9] DEBUG(LoggingFilter.java:32) - RequestURL : /css/style.css
2021-10-20 21:43:31.030 [http-nio-8080-exec-10] DEBUG(LoggingFilter.java:32) - RequestURL : /manageDetail/sampleFile/src/sample25.html
2021-10-20 21:43:44.069 [http-nio-8080-exec-1] DEBUG(LoggingFilter.java:32) - RequestURL : /css/style.css
2021-10-20 21:46:53.113 [http-nio-8080-exec-4] DEBUG(LoggingFilter.java:32) - RequestURL : /manageDetail/sampleFile/src/sample25.html
2021-10-20 21:46:53.269 [http-nio-8080-exec-5] DEBUG(LoggingFilter.java:32) - RequestURL : /css/style.css
2021-10-20 21:48:04.335 [http-nio-8080-exec-8] DEBUG(LoggingFilter.java:32) - RequestURL : /manageDetail/sampleFile/src/sample25.html
2021-10-20 21:48:04.500 [http-nio-8080-exec-9] DEBUG(LoggingFilter.java:32) - RequestURL : /css/style.css
2021-10-20 21:49:33.305 [RMI TCP Connection(11)-127.0.0.1] DEBUG(LoggingFilter.java:39) - アプリケーション終了
2021-10-20 21:49:40.198 [main] INFO (StartupInfoLogger.java:55) - Starting FrontCodeApplication using Java 15.0.2 on DESKTOP-9FLEN63 with PID 12352 (C:\Users\inoke\springproject\nakaiproject\frontCode\target\classes started by inoke in C:\Users\inoke\springproject\nakaiproject\frontCode)
2021-10-20 21:49:40.203 [main] DEBUG(StartupInfoLogger.java:56) - Running with Spring Boot v2.5.5, Spring v5.3.10
2021-10-20 21:49:40.203 [main] INFO (SpringApplication.java:659) - No active profile set, falling back to default profiles: default
2021-10-20 21:49:42.880 [main] DEBUG(LoggingFilter.java:24) - アプリケーション開始
2021-10-20 21:49:46.531 [main] INFO (StartupInfoLogger.java:61) - Started FrontCodeApplication in 6.904 seconds (JVM running for 8.565)
2021-10-20 21:49:53.491 [http-nio-8080-exec-1] DEBUG(LoggingFilter.java:32) - RequestURL : /manageDetail/25
2021-10-20 21:49:54.774 [http-nio-8080-exec-2] DEBUG(LoggingFilter.java:32) - RequestURL : /css/style.css
2021-10-20 21:49:54.921 [http-nio-8080-exec-3] DEBUG(LoggingFilter.java:32) - RequestURL : /manageDetail/sampleFile/src/sample25.html
2021-10-20 21:49:59.656 [http-nio-8080-exec-4] DEBUG(LoggingFilter.java:32) - RequestURL : /manageDetail/sampleFile/src/sample25.html
2021-10-20 21:50:32.783 [RMI TCP Connection(4)-127.0.0.1] DEBUG(LoggingFilter.java:39) - アプリケーション終了
2021-10-20 21:50:39.260 [main] INFO (StartupInfoLogger.java:55) - Starting FrontCodeApplication using Java 15.0.2 on DESKTOP-9FLEN63 with PID 9472 (C:\Users\inoke\springproject\nakaiproject\frontCode\target\classes started by inoke in C:\Users\inoke\springproject\nakaiproject\frontCode)
2021-10-20 21:50:39.265 [main] DEBUG(StartupInfoLogger.java:56) - Running with Spring Boot v2.5.5, Spring v5.3.10
2021-10-20 21:50:39.266 [main] INFO (SpringApplication.java:659) - No active profile set, falling back to default profiles: default
2021-10-20 21:50:41.860 [main] DEBUG(LoggingFilter.java:24) - アプリケーション開始
2021-10-20 21:50:47.037 [main] INFO (StartupInfoLogger.java:61) - Started FrontCodeApplication in 8.367 seconds (JVM running for 9.736)
2021-10-20 21:50:48.252 [http-nio-8080-exec-1] DEBUG(LoggingFilter.java:32) - RequestURL : /manageDetail/25
2021-10-20 21:50:49.634 [http-nio-8080-exec-2] DEBUG(LoggingFilter.java:32) - RequestURL : /css/style.css
2021-10-20 21:50:49.739 [http-nio-8080-exec-3] DEBUG(LoggingFilter.java:32) - RequestURL : /manageDetail/sampleFile/src/sample25.html
2021-10-20 21:51:07.009 [RMI TCP Connection(2)-127.0.0.1] DEBUG(LoggingFilter.java:39) - アプリケーション終了
2021-10-20 21:51:13.481 [main] INFO (StartupInfoLogger.java:55) - Starting FrontCodeApplication using Java 15.0.2 on DESKTOP-9FLEN63 with PID 18184 (C:\Users\inoke\springproject\nakaiproject\frontCode\target\classes started by inoke in C:\Users\inoke\springproject\nakaiproject\frontCode)
2021-10-20 21:51:13.485 [main] DEBUG(StartupInfoLogger.java:56) - Running with Spring Boot v2.5.5, Spring v5.3.10
2021-10-20 21:51:13.486 [main] INFO (SpringApplication.java:659) - No active profile set, falling back to default profiles: default
2021-10-20 21:51:16.048 [main] DEBUG(LoggingFilter.java:24) - アプリケーション開始
2021-10-20 21:51:19.366 [main] INFO (StartupInfoLogger.java:61) - Started FrontCodeApplication in 6.413 seconds (JVM running for 7.766)
2021-10-20 21:51:26.041 [http-nio-8080-exec-1] DEBUG(LoggingFilter.java:32) - RequestURL : /manageDetail/25
2021-10-20 21:51:27.738 [http-nio-8080-exec-2] DEBUG(LoggingFilter.java:32) - RequestURL : /sampleFile/src/sample25.html
2021-10-20 21:51:31.434 [http-nio-8080-exec-3] DEBUG(LoggingFilter.java:32) - RequestURL : /regist
2021-10-20 21:51:31.639 [http-nio-8080-exec-4] DEBUG(LoggingFilter.java:32) - RequestURL : /unapprovedList
2021-10-20 21:52:38.840 [RMI TCP Connection(4)-127.0.0.1] DEBUG(LoggingFilter.java:39) - アプリケーション終了
2021-10-20 22:04:55.209 [main] INFO (StartupInfoLogger.java:55) - Starting FrontCodeApplication using Java 15.0.2 on DESKTOP-9FLEN63 with PID 12144 (C:\Users\inoke\springproject\nakaiproject\frontCode\target\classes started by inoke in C:\Users\inoke\springproject\nakaiproject\frontCode)
2021-10-20 22:04:55.214 [main] DEBUG(StartupInfoLogger.java:56) - Running with Spring Boot v2.5.5, Spring v5.3.10
2021-10-20 22:04:55.214 [main] INFO (SpringApplication.java:659) - No active profile set, falling back to default profiles: default
2021-10-20 22:04:58.059 [main] DEBUG(LoggingFilter.java:24) - アプリケーション開始
2021-10-20 22:05:04.021 [main] INFO (StartupInfoLogger.java:61) - Started FrontCodeApplication in 9.363 seconds (JVM running for 11.16)
2021-10-20 22:05:04.177 [http-nio-8080-exec-1] DEBUG(LoggingFilter.java:32) - RequestURL : /
2021-10-20 22:05:05.668 [http-nio-8080-exec-2] DEBUG(LoggingFilter.java:32) - RequestURL : /css/style.css
2021-10-20 22:05:05.875 [http-nio-8080-exec-3] DEBUG(LoggingFilter.java:32) - RequestURL : /sampleFile/src/sample25.html
2021-10-20 22:05:15.517 [http-nio-8080-exec-4] DEBUG(LoggingFilter.java:32) - RequestURL : /upload
2021-10-20 22:05:16.055 [http-nio-8080-exec-5] DEBUG(LoggingFilter.java:32) - RequestURL : /check
2021-10-20 22:05:16.376 [http-nio-8080-exec-6] DEBUG(LoggingFilter.java:32) - RequestURL : /sampleFile/subsrc/sample26.html
2021-10-20 22:05:21.528 [http-nio-8080-exec-7] DEBUG(LoggingFilter.java:32) - RequestURL : /cancel
2021-10-20 22:05:21.710 [http-nio-8080-exec-8] DEBUG(LoggingFilter.java:32) - RequestURL : /
2021-10-20 22:05:27.899 [http-nio-8080-exec-9] DEBUG(LoggingFilter.java:32) - RequestURL : /upload
2021-10-20 22:05:27.967 [http-nio-8080-exec-10] DEBUG(LoggingFilter.java:32) - RequestURL : /check
2021-10-20 22:05:28.236 [http-nio-8080-exec-1] DEBUG(LoggingFilter.java:32) - RequestURL : /sampleFile/subsrc/sample27.html
2021-10-20 22:05:31.918 [http-nio-8080-exec-2] DEBUG(LoggingFilter.java:32) - RequestURL : /save
2021-10-20 22:05:32.122 [http-nio-8080-exec-3] DEBUG(LoggingFilter.java:32) - RequestURL : /comp
2021-10-20 22:05:33.883 [http-nio-8080-exec-4] DEBUG(LoggingFilter.java:32) - RequestURL : /
2021-10-20 22:05:38.071 [http-nio-8080-exec-5] DEBUG(LoggingFilter.java:32) - RequestURL : /admin/
2021-10-20 22:05:39.376 [http-nio-8080-exec-6] DEBUG(LoggingFilter.java:32) - RequestURL : /unapprovedList
2021-10-20 22:05:42.727 [http-nio-8080-exec-7] DEBUG(LoggingFilter.java:32) - RequestURL : /unapprovedDetail/27
2021-10-20 22:05:42.936 [http-nio-8080-exec-8] DEBUG(LoggingFilter.java:32) - RequestURL : /sampleFile/src/sample27.html
2021-10-20 22:05:50.154 [http-nio-8080-exec-9] DEBUG(LoggingFilter.java:32) - RequestURL : /regist
2021-10-20 22:05:50.216 [http-nio-8080-exec-10] DEBUG(LoggingFilter.java:32) - RequestURL : /unapprovedList
2021-10-20 22:05:51.987 [http-nio-8080-exec-1] DEBUG(LoggingFilter.java:32) - RequestURL : /admin
2021-10-20 22:05:53.614 [http-nio-8080-exec-2] DEBUG(LoggingFilter.java:32) - RequestURL : /postList
2021-10-20 22:05:53.775 [http-nio-8080-exec-3] DEBUG(LoggingFilter.java:32) - RequestURL : /sampleFile/src/sample27.html
2021-10-20 22:05:58.253 [http-nio-8080-exec-4] DEBUG(LoggingFilter.java:32) - RequestURL : /postDetail/27
2021-10-20 22:06:01.891 [http-nio-8080-exec-5] DEBUG(LoggingFilter.java:32) - RequestURL : /postDelete
2021-10-20 22:06:01.993 [http-nio-8080-exec-6] DEBUG(LoggingFilter.java:32) - RequestURL : /postList
2021-10-20 22:06:05.264 [http-nio-8080-exec-9] DEBUG(LoggingFilter.java:32) - RequestURL : /postDetail/25
2021-10-20 22:06:06.548 [http-nio-8080-exec-10] DEBUG(LoggingFilter.java:32) - RequestURL : /postDelete
2021-10-20 22:06:06.730 [http-nio-8080-exec-1] DEBUG(LoggingFilter.java:32) - RequestURL : /postList
2021-10-20 22:06:13.771 [http-nio-8080-exec-2] DEBUG(LoggingFilter.java:32) - RequestURL : /
2021-10-20 22:06:21.173 [RMI TCP Connection(5)-127.0.0.1] DEBUG(LoggingFilter.java:39) - アプリケーション終了
2021-10-20 22:27:05.352 [main] INFO (StartupInfoLogger.java:55) - Starting FrontCodeApplication using Java 15.0.2 on DESKTOP-9FLEN63 with PID 9516 (C:\Users\inoke\springproject\nakaiproject\frontCode\target\classes started by inoke in C:\Users\inoke\springproject\nakaiproject\frontCode)
2021-10-20 22:27:05.357 [main] DEBUG(StartupInfoLogger.java:56) - Running with Spring Boot v2.5.5, Spring v5.3.10
2021-10-20 22:27:05.358 [main] INFO (SpringApplication.java:659) - No active profile set, falling back to default profiles: default
2021-10-20 22:27:08.081 [main] DEBUG(LoggingFilter.java:24) - アプリケーション開始
2021-10-20 22:27:13.221 [main] INFO (StartupInfoLogger.java:61) - Started FrontCodeApplication in 8.392 seconds (JVM running for 9.902)
2021-10-20 22:27:17.536 [http-nio-8080-exec-1] DEBUG(LoggingFilter.java:32) - RequestURL : /
2021-10-20 22:27:18.962 [http-nio-8080-exec-2] DEBUG(LoggingFilter.java:32) - RequestURL : /css/style.css
2021-10-20 22:27:30.117 [http-nio-8080-exec-3] DEBUG(LoggingFilter.java:32) - RequestURL : /upload
2021-10-20 22:27:30.728 [http-nio-8080-exec-4] DEBUG(LoggingFilter.java:32) - RequestURL : /check
2021-10-20 22:27:30.977 [http-nio-8080-exec-5] DEBUG(LoggingFilter.java:32) - RequestURL : /sampleFile/subsrc/sample28.html
2021-10-20 22:27:33.866 [http-nio-8080-exec-6] DEBUG(LoggingFilter.java:32) - RequestURL : /cancel
2021-10-20 22:27:33.979 [http-nio-8080-exec-7] DEBUG(LoggingFilter.java:32) - RequestURL : /
2021-10-20 22:27:39.607 [http-nio-8080-exec-8] DEBUG(LoggingFilter.java:32) - RequestURL : /upload
2021-10-20 22:27:39.825 [http-nio-8080-exec-9] DEBUG(LoggingFilter.java:32) - RequestURL : /check
2021-10-20 22:27:40.047 [http-nio-8080-exec-10] DEBUG(LoggingFilter.java:32) - RequestURL : /sampleFile/subsrc/sample29.html
2021-10-20 22:27:41.785 [http-nio-8080-exec-1] DEBUG(LoggingFilter.java:32) - RequestURL : /save
2021-10-20 22:27:41.999 [http-nio-8080-exec-2] DEBUG(LoggingFilter.java:32) - RequestURL : /comp
2021-10-20 22:27:43.175 [http-nio-8080-exec-3] DEBUG(LoggingFilter.java:32) - RequestURL : /
2021-10-20 22:27:46.975 [http-nio-8080-exec-4] DEBUG(LoggingFilter.java:32) - RequestURL : /admin/
2021-10-20 22:27:48.240 [http-nio-8080-exec-5] DEBUG(LoggingFilter.java:32) - RequestURL : /unapprovedList
2021-10-20 22:30:18.252 [RMI TCP Connection(5)-127.0.0.1] DEBUG(LoggingFilter.java:39) - アプリケーション終了
2021-10-20 22:30:24.966 [main] INFO (StartupInfoLogger.java:55) - Starting FrontCodeApplication using Java 15.0.2 on DESKTOP-9FLEN63 with PID 15672 (C:\Users\inoke\springproject\nakaiproject\frontCode\target\classes started by inoke in C:\Users\inoke\springproject\nakaiproject\frontCode)
2021-10-20 22:30:24.970 [main] DEBUG(StartupInfoLogger.java:56) - Running with Spring Boot v2.5.5, Spring v5.3.10
2021-10-20 22:30:24.971 [main] INFO (SpringApplication.java:659) - No active profile set, falling back to default profiles: default
2021-10-20 22:30:27.790 [main] DEBUG(LoggingFilter.java:24) - アプリケーション開始
2021-10-20 22:30:32.733 [main] INFO (StartupInfoLogger.java:61) - Started FrontCodeApplication in 8.215 seconds (JVM running for 9.749)
2021-10-20 22:30:33.057 [http-nio-8080-exec-1] DEBUG(LoggingFilter.java:32) - RequestURL : /unapprovedList
2021-10-20 22:30:37.115 [http-nio-8080-exec-2] DEBUG(LoggingFilter.java:32) - RequestURL : /unapprovedDetail/29
2021-10-20 22:30:37.374 [http-nio-8080-exec-3] DEBUG(LoggingFilter.java:32) - RequestURL : /sampleFile/src/sample29.html
2021-10-20 22:30:40.871 [http-nio-8080-exec-4] DEBUG(LoggingFilter.java:32) - RequestURL : /reject
2021-10-20 22:30:41.206 [http-nio-8080-exec-5] DEBUG(LoggingFilter.java:32) - RequestURL : /unapprovedList
2021-10-20 22:30:46.235 [http-nio-8080-exec-6] DEBUG(LoggingFilter.java:32) - RequestURL : /
2021-10-20 22:30:54.790 [http-nio-8080-exec-7] DEBUG(LoggingFilter.java:32) - RequestURL : /upload
2021-10-20 22:30:55.370 [http-nio-8080-exec-8] DEBUG(LoggingFilter.java:32) - RequestURL : /check
2021-10-20 22:30:55.592 [http-nio-8080-exec-9] DEBUG(LoggingFilter.java:32) - RequestURL : /sampleFile/subsrc/sample30.html
2021-10-20 22:30:57.505 [http-nio-8080-exec-10] DEBUG(LoggingFilter.java:32) - RequestURL : /save
2021-10-20 22:30:57.815 [http-nio-8080-exec-1] DEBUG(LoggingFilter.java:32) - RequestURL : /comp
2021-10-20 22:31:01.258 [http-nio-8080-exec-2] DEBUG(LoggingFilter.java:32) - RequestURL : /comp
2021-10-20 22:31:02.946 [http-nio-8080-exec-3] DEBUG(LoggingFilter.java:32) - RequestURL : /
2021-10-20 22:31:06.873 [http-nio-8080-exec-4] DEBUG(LoggingFilter.java:32) - RequestURL : /admin/
2021-10-20 22:31:09.241 [http-nio-8080-exec-5] DEBUG(LoggingFilter.java:32) - RequestURL : /unapprovedList
2021-10-20 22:31:10.039 [http-nio-8080-exec-6] DEBUG(LoggingFilter.java:32) - RequestURL : /unapprovedDetail/30
2021-10-20 22:31:10.177 [http-nio-8080-exec-7] DEBUG(LoggingFilter.java:32) - RequestURL : /sampleFile/src/sample30.html
2021-10-20 22:31:11.687 [http-nio-8080-exec-8] DEBUG(LoggingFilter.java:32) - RequestURL : /regist
2021-10-20 22:31:11.776 [http-nio-8080-exec-9] DEBUG(LoggingFilter.java:32) - RequestURL : /unapprovedList
2021-10-20 22:31:13.439 [http-nio-8080-exec-10] DEBUG(LoggingFilter.java:32) - RequestURL : /admin
2021-10-20 22:31:14.756 [http-nio-8080-exec-1] DEBUG(LoggingFilter.java:32) - RequestURL : /postList
2021-10-20 22:31:14.989 [http-nio-8080-exec-2] DEBUG(LoggingFilter.java:32) - RequestURL : /sampleFile/src/sample30.html
2021-10-20 22:31:20.315 [http-nio-8080-exec-3] DEBUG(LoggingFilter.java:32) - RequestURL : /postDetail/30
2021-10-20 22:31:24.682 [http-nio-8080-exec-4] DEBUG(LoggingFilter.java:32) - RequestURL : /postDelete
2021-10-20 22:31:24.766 [http-nio-8080-exec-5] DEBUG(LoggingFilter.java:32) - RequestURL : /postList
2021-10-20 22:31:33.631 [RMI TCP Connection(3)-127.0.0.1] DEBUG(LoggingFilter.java:39) - アプリケーション終了
2021-10-20 22:46:17.806 [main] INFO (StartupInfoLogger.java:55) - Starting FrontCodeApplication using Java 15.0.2 on DESKTOP-9FLEN63 with PID 3620 (C:\Users\inoke\springproject\nakaiproject\frontCode\target\classes started by inoke in C:\Users\inoke\springproject\nakaiproject\frontCode)
2021-10-20 22:46:17.812 [main] DEBUG(StartupInfoLogger.java:56) - Running with Spring Boot v2.5.5, Spring v5.3.10
2021-10-20 22:46:17.812 [main] INFO (SpringApplication.java:659) - No active profile set, falling back to default profiles: default
2021-10-20 22:46:20.779 [main] DEBUG(LoggingFilter.java:24) - アプリケーション開始
2021-10-20 22:46:25.793 [main] INFO (StartupInfoLogger.java:61) - Started FrontCodeApplication in 8.721 seconds (JVM running for 10.871)
2021-10-20 22:46:28.658 [http-nio-8080-exec-1] DEBUG(LoggingFilter.java:32) - RequestURL : /
2021-10-20 22:46:30.185 [http-nio-8080-exec-2] DEBUG(LoggingFilter.java:32) - RequestURL : /css/style.css
2021-10-20 22:46:39.767 [http-nio-8080-exec-3] DEBUG(LoggingFilter.java:32) - RequestURL : /upload
2021-10-20 22:46:40.442 [http-nio-8080-exec-4] DEBUG(LoggingFilter.java:32) - RequestURL : /check
2021-10-20 22:46:40.801 [http-nio-8080-exec-5] DEBUG(LoggingFilter.java:32) - RequestURL : /sampleFile/subsrc/sample31.html
2021-10-20 22:46:42.550 [http-nio-8080-exec-6] DEBUG(LoggingFilter.java:32) - RequestURL : /save
2021-10-20 22:46:42.803 [http-nio-8080-exec-7] DEBUG(LoggingFilter.java:32) - RequestURL : /comp
2021-10-20 22:46:43.733 [http-nio-8080-exec-8] DEBUG(LoggingFilter.java:32) - RequestURL : /
2021-10-20 22:46:47.335 [http-nio-8080-exec-9] DEBUG(LoggingFilter.java:32) - RequestURL : /admin/
2021-10-20 22:46:48.526 [http-nio-8080-exec-10] DEBUG(LoggingFilter.java:32) - RequestURL : /unapprovedList
2021-10-20 22:46:50.053 [http-nio-8080-exec-1] DEBUG(LoggingFilter.java:32) - RequestURL : /unapprovedDetail/31
2021-10-20 22:46:50.245 [http-nio-8080-exec-2] DEBUG(LoggingFilter.java:32) - RequestURL : /sampleFile/src/sample31.html
2021-10-20 22:46:51.707 [http-nio-8080-exec-3] DEBUG(LoggingFilter.java:32) - RequestURL : /regist
2021-10-20 22:46:51.806 [http-nio-8080-exec-4] DEBUG(LoggingFilter.java:32) - RequestURL : /unapprovedList
2021-10-20 22:46:53.991 [http-nio-8080-exec-5] DEBUG(LoggingFilter.java:32) - RequestURL : /filter
2021-10-20 22:46:54.872 [http-nio-8080-exec-6] DEBUG(LoggingFilter.java:32) - RequestURL : /admin
2021-10-20 22:46:56.083 [http-nio-8080-exec-7] DEBUG(LoggingFilter.java:32) - RequestURL : /postList
2021-10-20 22:46:56.258 [http-nio-8080-exec-8] DEBUG(LoggingFilter.java:32) - RequestURL : /sampleFile/src/sample31.html
2021-10-20 22:46:57.870 [http-nio-8080-exec-9] DEBUG(LoggingFilter.java:32) - RequestURL : /postDetail/31
2021-10-20 22:46:59.524 [http-nio-8080-exec-10] DEBUG(LoggingFilter.java:32) - RequestURL : /postList
2021-10-20 22:46:59.682 [http-nio-8080-exec-1] DEBUG(LoggingFilter.java:32) - RequestURL : /sampleFile/src/sample31.html
2021-10-20 22:47:02.847 [http-nio-8080-exec-2] DEBUG(LoggingFilter.java:32) - RequestURL : /postDetail/31
2021-10-20 22:47:03.916 [http-nio-8080-exec-3] DEBUG(LoggingFilter.java:32) - RequestURL : /postDelete
2021-10-20 22:47:04.025 [http-nio-8080-exec-4] DEBUG(LoggingFilter.java:32) - RequestURL : /postList
2021-10-20 22:47:06.749 [http-nio-8080-exec-5] DEBUG(LoggingFilter.java:32) - RequestURL : /
2021-10-20 22:47:18.132 [RMI TCP Connection(3)-127.0.0.1] DEBUG(LoggingFilter.java:39) - アプリケーション終了
2021-10-20 23:06:46.705 [main] INFO (StartupInfoLogger.java:55) - Starting FrontCodeApplication using Java 15.0.2 on DESKTOP-9FLEN63 with PID 17484 (C:\Users\inoke\springproject\nakaiproject\frontCode\target\classes started by inoke in C:\Users\inoke\springproject\nakaiproject\frontCode)
2021-10-20 23:06:46.712 [main] DEBUG(StartupInfoLogger.java:56) - Running with Spring Boot v2.5.5, Spring v5.3.10
2021-10-20 23:06:46.712 [main] INFO (SpringApplication.java:659) - No active profile set, falling back to default profiles: default
2021-10-20 23:06:50.422 [main] DEBUG(LoggingFilter.java:24) - アプリケーション開始
2021-10-20 23:06:55.463 [main] INFO (StartupInfoLogger.java:61) - Started FrontCodeApplication in 9.364 seconds (JVM running for 11.098)
2021-10-20 23:06:55.651 [http-nio-8080-exec-1] DEBUG(LoggingFilter.java:32) - RequestURL : /
2021-10-20 23:06:56.895 [http-nio-8080-exec-2] DEBUG(LoggingFilter.java:32) - RequestURL : /css/style.css
2021-10-20 23:07:01.995 [http-nio-8080-exec-3] DEBUG(LoggingFilter.java:32) - RequestURL : /upload
2021-10-20 23:07:02.474 [http-nio-8080-exec-4] DEBUG(LoggingFilter.java:32) - RequestURL : /check
2021-10-20 23:07:02.662 [http-nio-8080-exec-5] DEBUG(LoggingFilter.java:32) - RequestURL : /sampleFile/subsrc/sample32.html
2021-10-20 23:07:04.291 [http-nio-8080-exec-6] DEBUG(LoggingFilter.java:32) - RequestURL : /save
2021-10-20 23:07:04.582 [http-nio-8080-exec-7] DEBUG(LoggingFilter.java:32) - RequestURL : /comp
2021-10-20 23:07:05.842 [http-nio-8080-exec-8] DEBUG(LoggingFilter.java:32) - RequestURL : /
2021-10-20 23:07:27.849 [http-nio-8080-exec-9] DEBUG(LoggingFilter.java:32) - RequestURL : /upload
2021-10-20 23:07:27.903 [http-nio-8080-exec-10] DEBUG(LoggingFilter.java:32) - RequestURL : /check
2021-10-20 23:07:28.166 [http-nio-8080-exec-1] DEBUG(LoggingFilter.java:32) - RequestURL : /sampleFile/subsrc/sample33.html
2021-10-20 23:07:32.834 [http-nio-8080-exec-2] DEBUG(LoggingFilter.java:32) - RequestURL : /save
2021-10-20 23:07:32.966 [http-nio-8080-exec-3] DEBUG(LoggingFilter.java:32) - RequestURL : /comp
2021-10-20 23:07:40.767 [http-nio-8080-exec-4] DEBUG(LoggingFilter.java:32) - RequestURL : /
2021-10-20 23:07:44.719 [http-nio-8080-exec-5] DEBUG(LoggingFilter.java:32) - RequestURL : /upload
2021-10-20 23:07:44.814 [http-nio-8080-exec-6] DEBUG(LoggingFilter.java:32) - RequestURL : /check
2021-10-20 23:07:44.986 [http-nio-8080-exec-7] DEBUG(LoggingFilter.java:32) - RequestURL : /sampleFile/subsrc/sample34.html
2021-10-20 23:08:57.120 [RMI TCP Connection(4)-127.0.0.1] DEBUG(LoggingFilter.java:39) - アプリケーション終了
2021-10-20 23:09:44.394 [main] INFO (StartupInfoLogger.java:55) - Starting FrontCodeApplication using Java 15.0.2 on DESKTOP-9FLEN63 with PID 13412 (C:\Users\inoke\springproject\nakaiproject\frontCode\target\classes started by inoke in C:\Users\inoke\springproject\nakaiproject\frontCode)
2021-10-20 23:09:44.399 [main] DEBUG(StartupInfoLogger.java:56) - Running with Spring Boot v2.5.5, Spring v5.3.10
2021-10-20 23:09:44.399 [main] INFO (SpringApplication.java:659) - No active profile set, falling back to default profiles: default
2021-10-20 23:09:46.895 [main] DEBUG(LoggingFilter.java:24) - アプリケーション開始
2021-10-20 23:09:50.728 [scheduling-1] INFO (ScheduledTasks.java:70) - test
2021-10-20 23:09:50.732 [main] INFO (StartupInfoLogger.java:61) - Started FrontCodeApplication in 6.837 seconds (JVM running for 8.76)
2021-10-20 23:09:55.732 [scheduling-1] INFO (ScheduledTasks.java:70) - test
2021-10-20 23:09:56.796 [RMI TCP Connection(2)-127.0.0.1] DEBUG(LoggingFilter.java:39) - アプリケーション終了
2021-10-20 23:14:48.520 [main] INFO (StartupInfoLogger.java:55) - Starting FrontCodeApplication using Java 15.0.2 on DESKTOP-9FLEN63 with PID 16432 (C:\Users\inoke\springproject\nakaiproject\frontCode\target\classes started by inoke in C:\Users\inoke\springproject\nakaiproject\frontCode)
2021-10-20 23:14:48.526 [main] DEBUG(StartupInfoLogger.java:56) - Running with Spring Boot v2.5.5, Spring v5.3.10
2021-10-20 23:14:48.526 [main] INFO (SpringApplication.java:659) - No active profile set, falling back to default profiles: default
2021-10-20 23:14:51.005 [main] DEBUG(LoggingFilter.java:24) - アプリケーション開始
2021-10-20 23:14:55.081 [scheduling-1] INFO (ScheduledTasks.java:71) - test
2021-10-20 23:14:55.085 [main] INFO (StartupInfoLogger.java:61) - Started FrontCodeApplication in 7.174 seconds (JVM running for 8.901)
2021-10-20 23:14:56.539 [RMI TCP Connection(2)-127.0.0.1] DEBUG(LoggingFilter.java:39) - アプリケーション終了
2021-10-20 23:31:56.110 [main] INFO (StartupInfoLogger.java:55) - Starting FrontCodeApplication using Java 15.0.2 on DESKTOP-9FLEN63 with PID 17920 (C:\Users\inoke\springproject\nakaiproject\frontCode\target\classes started by inoke in C:\Users\inoke\springproject\nakaiproject\frontCode)
2021-10-20 23:31:56.115 [main] DEBUG(StartupInfoLogger.java:56) - Running with Spring Boot v2.5.5, Spring v5.3.10
2021-10-20 23:31:56.116 [main] INFO (SpringApplication.java:659) - No active profile set, falling back to default profiles: default
2021-10-20 23:31:58.174 [main] DEBUG(LoggingFilter.java:24) - アプリケーション開始
2021-10-20 23:32:01.121 [scheduling-1] INFO (ScheduledTasks.java:72) - test
2021-10-20 23:32:01.125 [main] INFO (StartupInfoLogger.java:61) - Started FrontCodeApplication in 5.465 seconds (JVM running for 6.772)
2021-10-20 23:32:03.947 [RMI TCP Connection(2)-127.0.0.1] DEBUG(LoggingFilter.java:39) - アプリケーション終了
2021-10-20 23:47:39.897 [main] INFO (StartupInfoLogger.java:55) - Starting FrontCodeApplication using Java 15.0.2 on DESKTOP-9FLEN63 with PID 13144 (C:\Users\inoke\springproject\nakaiproject\frontCode\target\classes started by inoke in C:\Users\inoke\springproject\nakaiproject\frontCode)
2021-10-20 23:47:39.902 [main] DEBUG(StartupInfoLogger.java:56) - Running with Spring Boot v2.5.5, Spring v5.3.10
2021-10-20 23:47:39.902 [main] INFO (SpringApplication.java:659) - No active profile set, falling back to default profiles: default
2021-10-20 23:47:42.197 [main] DEBUG(LoggingFilter.java:24) - アプリケーション開始
2021-10-20 23:47:45.006 [main] INFO (StartupInfoLogger.java:61) - Started FrontCodeApplication in 5.58 seconds (JVM running for 6.884)
2021-10-20 23:47:55.136 [RMI TCP Connection(2)-127.0.0.1] DEBUG(LoggingFilter.java:39) - アプリケーション終了
